<?xml version="1.0" encoding="utf-8"?>
<TestRun id="88210958-1a2e-4f2b-b24d-74615a225ebf" name="Asus@KZ 2026-02-22 23:01:47" runUser="KZ\Asus" xmlns="http://microsoft.com/schemas/VisualStudio/TeamTest/2010">
  <Times creation="2026-02-22T23:01:47.8099316+07:00" queuing="2026-02-22T23:01:47.8099325+07:00" start="2026-02-22T23:01:41.6452446+07:00" finish="2026-02-22T23:01:48.0106542+07:00" />
  <TestSettings name="default" id="24c60634-0111-46e9-b84a-16e9b3f9249d">
    <Deployment runDeploymentRoot="Asus_KZ_2026-02-22_23_01_47" />
  </TestSettings>
  <Results>
    <UnitTestResult executionId="4200d29b-4710-488f-838b-77d6b242f65b" testId="7e9bacd6-5723-876a-a005-7ffae628a578" testName="FinancialAccounting.UnitTests.FinancialTokenProviderTests.CreateAccessToken_ContainsExpectedClaims" computerName="KZ" duration="00:00:00.4872044" startTime="2026-02-22T23:01:47.0046854+07:00" endTime="2026-02-22T23:01:47.0046859+07:00" testType="13cdc9d9-ddb5-4fa4-a97d-d965ccfc6d4b" outcome="Passed" testListId="8c84fa94-04c1-424b-9868-57a2d4851a1d" relativeResultsDirectory="4200d29b-4710-488f-838b-77d6b242f65b" />
    <UnitTestResult executionId="6c112c10-b1d9-478f-9d77-c7f822655eb6" testId="792d25e4-8233-9efc-69e0-2bbff83abf46" testName="FinancialAccounting.UnitTests.AppSettingsTests.Defaults_ShouldProvideSecurityAndPerformanceOptions" computerName="KZ" duration="00:00:00.3653560" startTime="2026-02-22T23:01:46.8868831+07:00" endTime="2026-02-22T23:01:46.8869221+07:00" testType="13cdc9d9-ddb5-4fa4-a97d-d965ccfc6d4b" outcome="Passed" testListId="8c84fa94-04c1-424b-9868-57a2d4851a1d" relativeResultsDirectory="6c112c10-b1d9-478f-9d77-c7f822655eb6" />
  </Results>
  <TestDefinitions>
    <UnitTest name="FinancialAccounting.UnitTests.FinancialTokenProviderTests.CreateAccessToken_ContainsExpectedClaims" storage="c:\users\asus\documents\github\school\financial-accounting\tests\financialaccounting.unittests\bin\debug\net8.0\financialaccounting.unittests.dll" id="7e9bacd6-5723-876a-a005-7ffae628a578">
      <Execution id="4200d29b-4710-488f-838b-77d6b242f65b" />
      <TestMethod codeBase="C:\Users\Asus\Documents\GitHub\school\financial-accounting\tests\FinancialAccounting.UnitTests\bin\Debug\net8.0\FinancialAccounting.UnitTests.dll" adapterTypeName="executor://xunit/VsTestRunner2/netcoreapp" className="FinancialAccounting.UnitTests.FinancialTokenProviderTests" name="CreateAccessToken_ContainsExpectedClaims" />
    </UnitTest>
    <UnitTest name="FinancialAccounting.UnitTests.AppSettingsTests.Defaults_ShouldProvideSecurityAndPerformanceOptions" storage="c:\users\asus\documents\github\school\financial-accounting\tests\financialaccounting.unittests\bin\debug\net8.0\financialaccounting.unittests.dll" id="792d25e4-8233-9efc-69e0-2bbff83abf46">
      <Execution id="6c112c10-b1d9-478f-9d77-c7f822655eb6" />
      <TestMethod codeBase="C:\Users\Asus\Documents\GitHub\school\financial-accounting\tests\FinancialAccounting.UnitTests\bin\Debug\net8.0\FinancialAccounting.UnitTests.dll" adapterTypeName="executor://xunit/VsTestRunner2/netcoreapp" className="FinancialAccounting.UnitTests.AppSettingsTests" name="Defaults_ShouldProvideSecurityAndPerformanceOptions" />
    </UnitTest>
  </TestDefinitions>
  <TestEntries>
    <TestEntry testId="7e9bacd6-5723-876a-a005-7ffae628a578" executionId="4200d29b-4710-488f-838b-77d6b242f65b" testListId="8c84fa94-04c1-424b-9868-57a2d4851a1d" />
    <TestEntry testId="792d25e4-8233-9efc-69e0-2bbff83abf46" executionId="6c112c10-b1d9-478f-9d77-c7f822655eb6" testListId="8c84fa94-04c1-424b-9868-57a2d4851a1d" />
  </TestEntries>
  <TestLists>
    <TestList name="Results Not in a List" id="8c84fa94-04c1-424b-9868-57a2d4851a1d" />
    <TestList name="All Loaded Results" id="19431567-8539-422a-85d7-44ee4e166bda" />
  </TestLists>
  <ResultSummary outcome="Completed">
    <Counters total="2" executed="2" passed="2" failed="0" error="0" timeout="0" aborted="0" inconclusive="0" passedButRunAborted="0" notRunnable="0" notExecuted="0" disconnected="0" warning="0" completed="0" inProgress="0" pending="0" />
    <Output>
      <StdOut>[xUnit.net 00:00:00.00] xUnit.net VSTest Adapter v2.8.2+699d445a1a (64-bit .NET 8.0.22)&#xD;
[xUnit.net 00:00:00.11]   Discovering: FinancialAccounting.UnitTests&#xD;
[xUnit.net 00:00:00.15]   Discovered:  FinancialAccounting.UnitTests&#xD;
[xUnit.net 00:00:00.16]   Starting:    FinancialAccounting.UnitTests&#xD;
[xUnit.net 00:00:00.70]   Finished:    FinancialAccounting.UnitTests&#xD;
</StdOut>
    </Output>
    <CollectorDataEntries>
      <Collector agentName="KZ" uri="datacollector://microsoft/CoverletCodeCoverage/1.0" collectorDisplayName="XPlat code coverage">
        <UriAttachments>
          <UriAttachment>
            <A href="KZ\coverage.cobertura.xml"></A>
          </UriAttachment>
        </UriAttachments>
      </Collector>
    </CollectorDataEntries>
  </ResultSummary>
</TestRun>