<?xml version="1.0" encoding="utf-8"?>
<TestRun id="23c58454-7a7b-4bf4-b091-80acb2318aac" name="Asus@KZ 2026-02-22 23:14:59" runUser="KZ\Asus" xmlns="http://microsoft.com/schemas/VisualStudio/TeamTest/2010">
  <Times creation="2026-02-22T23:14:59.6981483+07:00" queuing="2026-02-22T23:14:59.6981494+07:00" start="2026-02-22T23:14:49.9729918+07:00" finish="2026-02-22T23:15:03.1540066+07:00" />
  <TestSettings name="default" id="d470aabb-3326-41f7-a186-89a3d6ec1db0">
    <Deployment runDeploymentRoot="Asus_KZ_2026-02-22_23_14_59" />
  </TestSettings>
  <Results>
    <UnitTestResult executionId="3664dbf6-df6b-4ae9-a924-96568b235a65" testId="1fde6a5b-5c73-0589-b3af-b6e82d58600e" testName="FinancialAccounting.IntegrationTests.AuthTests.Login_WithInvalidCredentials_ReturnsUnauthorized" computerName="KZ" duration="00:00:00.2519636" startTime="2026-02-22T23:15:00.1338070+07:00" endTime="2026-02-22T23:15:00.1338073+07:00" testType="13cdc9d9-ddb5-4fa4-a97d-d965ccfc6d4b" outcome="Passed" testListId="8c84fa94-04c1-424b-9868-57a2d4851a1d" relativeResultsDirectory="3664dbf6-df6b-4ae9-a924-96568b235a65" />
    <UnitTestResult executionId="5aba6909-5735-449e-89c9-a4998ed03dd4" testId="bd8ac008-611c-f501-495c-6844021bac31" testName="FinancialAccounting.IntegrationTests.RbacMatrixTests.EndpointRoleMatrix_MatchesExpectedStatus(endpointKey: &quot;DELETE /journal-entries/{id}&quot;, role: &quot;Anonymous&quot;)" computerName="KZ" duration="00:00:00.0020301" startTime="2026-02-22T23:15:01.8662434+07:00" endTime="2026-02-22T23:15:01.8662437+07:00" testType="13cdc9d9-ddb5-4fa4-a97d-d965ccfc6d4b" outcome="Passed" testListId="8c84fa94-04c1-424b-9868-57a2d4851a1d" relativeResultsDirectory="5aba6909-5735-449e-89c9-a4998ed03dd4" />
    <UnitTestResult executionId="a1ecc674-c9c2-422e-a707-68f482c5e6a4" testId="dd993c0f-1add-a91d-fb1e-b02a91c6c002" testName="FinancialAccounting.IntegrationTests.RbacMatrixTests.EndpointRoleMatrix_MatchesExpectedStatus(endpointKey: &quot;POST /journal-entries&quot;, role: &quot;Admin&quot;)" computerName="KZ" duration="00:00:00.0557713" startTime="2026-02-22T23:15:01.8191664+07:00" endTime="2026-02-22T23:15:01.8191673+07:00" testType="13cdc9d9-ddb5-4fa4-a97d-d965ccfc6d4b" outcome="Passed" testListId="8c84fa94-04c1-424b-9868-57a2d4851a1d" relativeResultsDirectory="a1ecc674-c9c2-422e-a707-68f482c5e6a4" />
    <UnitTestResult executionId="2a25d1b9-7c82-43c5-8ac1-ff54108694bc" testId="be89af58-28ec-1b7a-a99d-6f368ff730ef" testName="FinancialAccounting.IntegrationTests.PeriodsTests.CreatePeriod_InvalidDateRange_ReturnsBadRequest" computerName="KZ" duration="00:00:00.0461087" startTime="2026-02-22T23:15:01.4387447+07:00" endTime="2026-02-22T23:15:01.4387456+07:00" testType="13cdc9d9-ddb5-4fa4-a97d-d965ccfc6d4b" outcome="Passed" testListId="8c84fa94-04c1-424b-9868-57a2d4851a1d" relativeResultsDirectory="2a25d1b9-7c82-43c5-8ac1-ff54108694bc" />
    <UnitTestResult executionId="f16a68c9-e716-4b37-9842-268658058f2e" testId="53ff4dfb-f6e3-2432-a13c-7644b3be7ddd" testName="FinancialAccounting.IntegrationTests.JournalEntriesTests.CreateDraft_WithInvalidLineShape_ReturnsBadRequest" computerName="KZ" duration="00:00:00.0375808" startTime="2026-02-22T23:15:01.1198025+07:00" endTime="2026-02-22T23:15:01.1198042+07:00" testType="13cdc9d9-ddb5-4fa4-a97d-d965ccfc6d4b" outcome="Passed" testListId="8c84fa94-04c1-424b-9868-57a2d4851a1d" relativeResultsDirectory="f16a68c9-e716-4b37-9842-268658058f2e" />
    <UnitTestResult executionId="9eb693b4-3079-4546-8cde-8d79f082acca" testId="b0e960f7-caa2-3341-67be-7f23f569ab5a" testName="FinancialAccounting.IntegrationTests.ReportsTests.Reports_User_ReturnsForbidden" computerName="KZ" duration="00:00:00.0144223" startTime="2026-02-22T23:15:02.5380429+07:00" endTime="2026-02-22T23:15:02.5380431+07:00" testType="13cdc9d9-ddb5-4fa4-a97d-d965ccfc6d4b" outcome="Passed" testListId="8c84fa94-04c1-424b-9868-57a2d4851a1d" relativeResultsDirectory="9eb693b4-3079-4546-8cde-8d79f082acca" />
    <UnitTestResult executionId="0ee9a636-fb04-4b79-b29d-c5d5398a8353" testId="356589ef-19be-4362-c32c-8415e314bf36" testName="FinancialAccounting.IntegrationTests.RbacMatrixTests.EndpointRoleMatrix_MatchesExpectedStatus(endpointKey: &quot;POST /journal-entries/{id}/reverse&quot;, role: &quot;User&quot;)" computerName="KZ" duration="00:00:00.0075776" startTime="2026-02-22T23:15:02.0200924+07:00" endTime="2026-02-22T23:15:02.0200927+07:00" testType="13cdc9d9-ddb5-4fa4-a97d-d965ccfc6d4b" outcome="Passed" testListId="8c84fa94-04c1-424b-9868-57a2d4851a1d" relativeResultsDirectory="0ee9a636-fb04-4b79-b29d-c5d5398a8353" />
    <UnitTestResult executionId="ed29d7c8-e9c4-4b05-bfe2-86b9085a2dea" testId="d50f1c5b-49b9-96bf-3bb9-3bbf1e837f58" testName="FinancialAccounting.IntegrationTests.AuditLogsTests.AuditLogs_Admin_ReturnsOk" computerName="KZ" duration="00:00:00.1833187" startTime="2026-02-22T23:15:00.3494027+07:00" endTime="2026-02-22T23:15:00.3494030+07:00" testType="13cdc9d9-ddb5-4fa4-a97d-d965ccfc6d4b" outcome="Passed" testListId="8c84fa94-04c1-424b-9868-57a2d4851a1d" relativeResultsDirectory="ed29d7c8-e9c4-4b05-bfe2-86b9085a2dea" />
    <UnitTestResult executionId="42ecb45b-0800-4e5e-9934-a16fc9ad42f8" testId="74b2e174-7614-3a7d-efff-7a8285c06f8d" testName="FinancialAccounting.IntegrationTests.RbacMatrixTests.EndpointRoleMatrix_MatchesExpectedStatus(endpointKey: &quot;POST /periods&quot;, role: &quot;Anonymous&quot;)" computerName="KZ" duration="00:00:00.0037048" startTime="2026-02-22T23:15:01.7545230+07:00" endTime="2026-02-22T23:15:01.7545234+07:00" testType="13cdc9d9-ddb5-4fa4-a97d-d965ccfc6d4b" outcome="Passed" testListId="8c84fa94-04c1-424b-9868-57a2d4851a1d" relativeResultsDirectory="42ecb45b-0800-4e5e-9934-a16fc9ad42f8" />
    <UnitTestResult executionId="48055d3d-4097-452e-88b6-192ccdbaf7c8" testId="9c69f837-8b62-6ca0-0e8d-120e2ef25f84" testName="FinancialAccounting.IntegrationTests.RbacMatrixTests.EndpointRoleMatrix_MatchesExpectedStatus(endpointKey: &quot;POST /journal-entries&quot;, role: &quot;Auditor&quot;)" computerName="KZ" duration="00:00:00.0066000" startTime="2026-02-22T23:15:02.1443883+07:00" endTime="2026-02-22T23:15:02.1443886+07:00" testType="13cdc9d9-ddb5-4fa4-a97d-d965ccfc6d4b" outcome="Passed" testListId="8c84fa94-04c1-424b-9868-57a2d4851a1d" relativeResultsDirectory="48055d3d-4097-452e-88b6-192ccdbaf7c8" />
    <UnitTestResult executionId="b768704e-f072-4afd-94c8-c29cd929da16" testId="6c76e762-64eb-e391-6113-2ae9c2627dab" testName="FinancialAccounting.IntegrationTests.RbacMatrixTests.EndpointRoleMatrix_MatchesExpectedStatus(endpointKey: &quot;POST /users&quot;, role: &quot;Auditor&quot;)" computerName="KZ" duration="00:00:00.0064342" startTime="2026-02-22T23:15:01.9597642+07:00" endTime="2026-02-22T23:15:01.9597645+07:00" testType="13cdc9d9-ddb5-4fa4-a97d-d965ccfc6d4b" outcome="Passed" testListId="8c84fa94-04c1-424b-9868-57a2d4851a1d" relativeResultsDirectory="b768704e-f072-4afd-94c8-c29cd929da16" />
    <UnitTestResult executionId="9e7c5c35-1367-4214-b956-8b22535c11d2" testId="7c42c596-fefd-01b8-4418-25c5e61c652f" testName="FinancialAccounting.IntegrationTests.UsersTests.GetMe_WithToken_ReturnsCurrentUser" computerName="KZ" duration="00:00:00.0255234" startTime="2026-02-22T23:15:00.7642291+07:00" endTime="2026-02-22T23:15:00.7642298+07:00" testType="13cdc9d9-ddb5-4fa4-a97d-d965ccfc6d4b" outcome="Passed" testListId="8c84fa94-04c1-424b-9868-57a2d4851a1d" relativeResultsDirectory="9e7c5c35-1367-4214-b956-8b22535c11d2" />
    <UnitTestResult executionId="197c36a8-ef71-46c3-b2c3-7aaeebaa37e2" testId="b71e6c82-b3b1-b352-708d-9f2719be5ae0" testName="FinancialAccounting.IntegrationTests.RbacMatrixTests.EndpointRoleMatrix_MatchesExpectedStatus(endpointKey: &quot;POST /journal-entries/{id}/post&quot;, role: &quot;FinanceManager&quot;)" computerName="KZ" duration="00:00:00.0087008" startTime="2026-02-22T23:15:02.3147879+07:00" endTime="2026-02-22T23:15:02.3147886+07:00" testType="13cdc9d9-ddb5-4fa4-a97d-d965ccfc6d4b" outcome="Passed" testListId="8c84fa94-04c1-424b-9868-57a2d4851a1d" relativeResultsDirectory="197c36a8-ef71-46c3-b2c3-7aaeebaa37e2" />
    <UnitTestResult executionId="b8a06914-4e0e-4e85-baef-8294610fb72f" testId="934e0143-cf1c-7186-bd7d-b569b205da7a" testName="FinancialAccounting.IntegrationTests.RbacMatrixTests.EndpointRoleMatrix_MatchesExpectedStatus(endpointKey: &quot;POST /journal-entries/bulk&quot;, role: &quot;Admin&quot;)" computerName="KZ" duration="00:00:00.0138699" startTime="2026-02-22T23:15:02.3520017+07:00" endTime="2026-02-22T23:15:02.3520025+07:00" testType="13cdc9d9-ddb5-4fa4-a97d-d965ccfc6d4b" outcome="Passed" testListId="8c84fa94-04c1-424b-9868-57a2d4851a1d" relativeResultsDirectory="b8a06914-4e0e-4e85-baef-8294610fb72f" />
    <UnitTestResult executionId="58207246-a084-420a-8310-39b5c449ef66" testId="69d5eda2-f57e-ffbe-fc5c-7f2390d90e6d" testName="FinancialAccounting.IntegrationTests.RbacMatrixTests.EndpointRoleMatrix_MatchesExpectedStatus(endpointKey: &quot;POST /journal-entries/{id}/reverse&quot;, role: &quot;Admin&quot;)" computerName="KZ" duration="00:00:00.0315900" startTime="2026-02-22T23:15:02.0119929+07:00" endTime="2026-02-22T23:15:02.0119933+07:00" testType="13cdc9d9-ddb5-4fa4-a97d-d965ccfc6d4b" outcome="Passed" testListId="8c84fa94-04c1-424b-9868-57a2d4851a1d" relativeResultsDirectory="58207246-a084-420a-8310-39b5c449ef66" />
    <UnitTestResult executionId="6648b0e6-2c47-4fa9-bbc2-ad7c2ae2af6f" testId="286d0672-7114-1c66-c79e-837034e37518" testName="FinancialAccounting.IntegrationTests.RbacMatrixTests.EndpointRoleMatrix_MatchesExpectedStatus(endpointKey: &quot;POST /accounts&quot;, role: &quot;Admin&quot;)" computerName="KZ" duration="00:00:00.0168775" startTime="2026-02-22T23:15:01.9135913+07:00" endTime="2026-02-22T23:15:01.9135917+07:00" testType="13cdc9d9-ddb5-4fa4-a97d-d965ccfc6d4b" outcome="Passed" testListId="8c84fa94-04c1-424b-9868-57a2d4851a1d" relativeResultsDirectory="6648b0e6-2c47-4fa9-bbc2-ad7c2ae2af6f" />
    <UnitTestResult executionId="821551e2-d0a4-4a9e-90f6-36aabac7dee3" testId="49bcd21c-ed6d-76a5-9342-7b8bcdfa84c6" testName="FinancialAccounting.IntegrationTests.RbacMatrixTests.EndpointRoleMatrix_MatchesExpectedStatus(endpointKey: &quot;POST /periods&quot;, role: &quot;FinanceManager&quot;)" computerName="KZ" duration="00:00:00.0089239" startTime="2026-02-22T23:15:01.9796036+07:00" endTime="2026-02-22T23:15:01.9796039+07:00" testType="13cdc9d9-ddb5-4fa4-a97d-d965ccfc6d4b" outcome="Passed" testListId="8c84fa94-04c1-424b-9868-57a2d4851a1d" relativeResultsDirectory="821551e2-d0a4-4a9e-90f6-36aabac7dee3" />
    <UnitTestResult executionId="225a7995-4de5-4ea0-b535-ac691601cbea" testId="b3e983ce-68c6-bba2-e351-90fe1f81964a" testName="FinancialAccounting.IntegrationTests.JournalEntriesTests.GetPaged_WithAuth_ReturnsPagedShape" computerName="KZ" duration="00:00:00.1170216" startTime="2026-02-22T23:15:01.2377315+07:00" endTime="2026-02-22T23:15:01.2377318+07:00" testType="13cdc9d9-ddb5-4fa4-a97d-d965ccfc6d4b" outcome="Passed" testListId="8c84fa94-04c1-424b-9868-57a2d4851a1d" relativeResultsDirectory="225a7995-4de5-4ea0-b535-ac691601cbea" />
    <UnitTestResult executionId="3712d61f-e76d-4d7f-8a65-0c8bdaf96c13" testId="81dc8b4f-7987-bc18-d282-d721c3e9a79e" testName="FinancialAccounting.IntegrationTests.RbacMatrixTests.EndpointRoleMatrix_MatchesExpectedStatus(endpointKey: &quot;POST /accounts&quot;, role: &quot;Auditor&quot;)" computerName="KZ" duration="00:00:00.0084212" startTime="2026-02-22T23:15:02.2224334+07:00" endTime="2026-02-22T23:15:02.2224336+07:00" testType="13cdc9d9-ddb5-4fa4-a97d-d965ccfc6d4b" outcome="Passed" testListId="8c84fa94-04c1-424b-9868-57a2d4851a1d" relativeResultsDirectory="3712d61f-e76d-4d7f-8a65-0c8bdaf96c13" />
    <UnitTestResult executionId="27a56093-187b-4c95-b626-aac4e6cce7d5" testId="d05ec8a8-f79c-6597-a782-1eb0bb15b059" testName="FinancialAccounting.IntegrationTests.RbacMatrixTests.EndpointRoleMatrix_MatchesExpectedStatus(endpointKey: &quot;DELETE /journal-entries/{id}&quot;, role: &quot;User&quot;)" computerName="KZ" duration="00:00:00.0063342" startTime="2026-02-22T23:15:02.2961604+07:00" endTime="2026-02-22T23:15:02.2961607+07:00" testType="13cdc9d9-ddb5-4fa4-a97d-d965ccfc6d4b" outcome="Passed" testListId="8c84fa94-04c1-424b-9868-57a2d4851a1d" relativeResultsDirectory="27a56093-187b-4c95-b626-aac4e6cce7d5" />
    <UnitTestResult executionId="68130008-7d8d-4c15-ae01-5373193a728e" testId="a289072e-6e49-5290-eb81-40e607658994" testName="FinancialAccounting.IntegrationTests.RbacMatrixTests.EndpointRoleMatrix_MatchesExpectedStatus(endpointKey: &quot;POST /journal-entries/{id}/post&quot;, role: &quot;User&quot;)" computerName="KZ" duration="00:00:00.0059092" startTime="2026-02-22T23:15:02.2106360+07:00" endTime="2026-02-22T23:15:02.2106364+07:00" testType="13cdc9d9-ddb5-4fa4-a97d-d965ccfc6d4b" outcome="Passed" testListId="8c84fa94-04c1-424b-9868-57a2d4851a1d" relativeResultsDirectory="68130008-7d8d-4c15-ae01-5373193a728e" />
    <UnitTestResult executionId="1c00ae57-3c4d-40b5-bc2d-b9ba51f3e1f7" testId="744fa7ab-801a-e6f0-89c3-35f365e903f2" testName="FinancialAccounting.IntegrationTests.RbacMatrixTests.EndpointRoleMatrix_MatchesExpectedStatus(endpointKey: &quot;GET /periods&quot;, role: &quot;User&quot;)" computerName="KZ" duration="00:00:00.0120373" startTime="2026-02-22T23:15:02.0591810+07:00" endTime="2026-02-22T23:15:02.0591812+07:00" testType="13cdc9d9-ddb5-4fa4-a97d-d965ccfc6d4b" outcome="Passed" testListId="8c84fa94-04c1-424b-9868-57a2d4851a1d" relativeResultsDirectory="1c00ae57-3c4d-40b5-bc2d-b9ba51f3e1f7" />
    <UnitTestResult executionId="af6d8a88-4cd0-473a-a19c-56c1ddb359fe" testId="c7aaec24-e940-cf44-548c-a650c4d137a8" testName="FinancialAccounting.IntegrationTests.RbacMatrixTests.EndpointRoleMatrix_MatchesExpectedStatus(endpointKey: &quot;DELETE /journal-entries/{id}&quot;, role: &quot;Admin&quot;)" computerName="KZ" duration="00:00:00.0167343" startTime="2026-02-22T23:15:02.1342959+07:00" endTime="2026-02-22T23:15:02.1342963+07:00" testType="13cdc9d9-ddb5-4fa4-a97d-d965ccfc6d4b" outcome="Passed" testListId="8c84fa94-04c1-424b-9868-57a2d4851a1d" relativeResultsDirectory="af6d8a88-4cd0-473a-a19c-56c1ddb359fe" />
    <UnitTestResult executionId="d639a99c-afe6-46de-8f85-cc6b8ec00063" testId="786152f9-1102-b902-8cce-880ae6a358b1" testName="FinancialAccounting.IntegrationTests.AuthTests.Login_WithValidCredentials_ReturnsTokenShape" computerName="KZ" duration="00:00:00.0167256" startTime="2026-02-22T23:15:00.1638295+07:00" endTime="2026-02-22T23:15:00.1638298+07:00" testType="13cdc9d9-ddb5-4fa4-a97d-d965ccfc6d4b" outcome="Passed" testListId="8c84fa94-04c1-424b-9868-57a2d4851a1d" relativeResultsDirectory="d639a99c-afe6-46de-8f85-cc6b8ec00063" />
    <UnitTestResult executionId="7a6770ac-72b0-46c0-8236-6e5a7b88c696" testId="a1f072e7-6253-77e6-2773-3d385b647b3f" testName="FinancialAccounting.IntegrationTests.JournalEntriesTests.ReversePosted_AsAdmin_ReturnsOk" computerName="KZ" duration="00:00:00.2085605" startTime="2026-02-22T23:15:01.0814535+07:00" endTime="2026-02-22T23:15:01.0814539+07:00" testType="13cdc9d9-ddb5-4fa4-a97d-d965ccfc6d4b" outcome="Passed" testListId="8c84fa94-04c1-424b-9868-57a2d4851a1d" relativeResultsDirectory="7a6770ac-72b0-46c0-8236-6e5a7b88c696" />
    <UnitTestResult executionId="746d3615-f8c9-4499-924c-7482d99eb518" testId="8aa0718b-af01-9fd1-0b4d-2aeb70a95950" testName="FinancialAccounting.IntegrationTests.RbacMatrixTests.EndpointRoleMatrix_MatchesExpectedStatus(endpointKey: &quot;GET /users/me&quot;, role: &quot;Anonymous&quot;)" computerName="KZ" duration="00:00:00.0022499" startTime="2026-02-22T23:15:01.8637355+07:00" endTime="2026-02-22T23:15:01.8637357+07:00" testType="13cdc9d9-ddb5-4fa4-a97d-d965ccfc6d4b" outcome="Passed" testListId="8c84fa94-04c1-424b-9868-57a2d4851a1d" relativeResultsDirectory="746d3615-f8c9-4499-924c-7482d99eb518" />
    <UnitTestResult executionId="62fa5c59-bdc6-4237-b183-c7196fed0fde" testId="82e09ddb-d309-447f-50dc-0b231f506ccd" testName="FinancialAccounting.IntegrationTests.RbacMatrixTests.EndpointRoleMatrix_MatchesExpectedStatus(endpointKey: &quot;GET /audit-logs&quot;, role: &quot;Auditor&quot;)" computerName="KZ" duration="00:00:00.0161850" startTime="2026-02-22T23:15:01.9303881+07:00" endTime="2026-02-22T23:15:01.9303884+07:00" testType="13cdc9d9-ddb5-4fa4-a97d-d965ccfc6d4b" outcome="Passed" testListId="8c84fa94-04c1-424b-9868-57a2d4851a1d" relativeResultsDirectory="62fa5c59-bdc6-4237-b183-c7196fed0fde" />
    <UnitTestResult executionId="7a39ba92-412f-4335-b834-753baf0642f6" testId="449c9d13-06d2-5f72-f865-5abbf6764b23" testName="FinancialAccounting.IntegrationTests.AccountsTests.GetAccountById_NotFound_Returns404" computerName="KZ" duration="00:00:00.0255260" startTime="2026-02-22T23:14:59.8660399+07:00" endTime="2026-02-22T23:14:59.8660404+07:00" testType="13cdc9d9-ddb5-4fa4-a97d-d965ccfc6d4b" outcome="Passed" testListId="8c84fa94-04c1-424b-9868-57a2d4851a1d" relativeResultsDirectory="7a39ba92-412f-4335-b834-753baf0642f6" />
    <UnitTestResult executionId="5130efc1-be78-4801-a9d4-86436d7d3e1d" testId="62d70e8e-f96b-d1a4-36b4-c4a2e97ab9c1" testName="FinancialAccounting.IntegrationTests.RbacMatrixTests.EndpointRoleMatrix_MatchesExpectedStatus(endpointKey: &quot;POST /journal-entries&quot;, role: &quot;User&quot;)" computerName="KZ" duration="00:00:00.0143536" startTime="2026-02-22T23:15:02.2647903+07:00" endTime="2026-02-22T23:15:02.2647906+07:00" testType="13cdc9d9-ddb5-4fa4-a97d-d965ccfc6d4b" outcome="Passed" testListId="8c84fa94-04c1-424b-9868-57a2d4851a1d" relativeResultsDirectory="5130efc1-be78-4801-a9d4-86436d7d3e1d" />
    <UnitTestResult executionId="e85bb2ab-3aa1-43a7-9708-699770ee28df" testId="8cffb52a-d862-9e30-feef-48635950e551" testName="FinancialAccounting.IntegrationTests.RbacMatrixTests.EndpointRoleMatrix_MatchesExpectedStatus(endpointKey: &quot;POST /journal-entries/{id}/reverse&quot;, role: &quot;Anonymous&quot;)" computerName="KZ" duration="00:00:00.0022353" startTime="2026-02-22T23:15:02.2042078+07:00" endTime="2026-02-22T23:15:02.2042081+07:00" testType="13cdc9d9-ddb5-4fa4-a97d-d965ccfc6d4b" outcome="Passed" testListId="8c84fa94-04c1-424b-9868-57a2d4851a1d" relativeResultsDirectory="e85bb2ab-3aa1-43a7-9708-699770ee28df" />
    <UnitTestResult executionId="e2258885-6a7a-46a7-a0c3-1516284f5d0c" testId="f19f111c-a86b-d8b7-d62f-c13815d1798e" testName="FinancialAccounting.IntegrationTests.AccountsTests.GetAccounts_WithAuth_ReturnsOk" computerName="KZ" duration="00:00:00.0541891" startTime="2026-02-22T23:14:59.7111710+07:00" endTime="2026-02-22T23:14:59.7111714+07:00" testType="13cdc9d9-ddb5-4fa4-a97d-d965ccfc6d4b" outcome="Passed" testListId="8c84fa94-04c1-424b-9868-57a2d4851a1d" relativeResultsDirectory="e2258885-6a7a-46a7-a0c3-1516284f5d0c" />
    <UnitTestResult executionId="cf6b1b58-537d-462b-9432-62c1324fe07e" testId="bc8f441d-e244-f9e2-96b4-3fde9e15cf8a" testName="FinancialAccounting.IntegrationTests.RbacMatrixTests.EndpointRoleMatrix_MatchesExpectedStatus(endpointKey: &quot;POST /periods&quot;, role: &quot;User&quot;)" computerName="KZ" duration="00:00:00.0101150" startTime="2026-02-22T23:15:02.0700673+07:00" endTime="2026-02-22T23:15:02.0700678+07:00" testType="13cdc9d9-ddb5-4fa4-a97d-d965ccfc6d4b" outcome="Passed" testListId="8c84fa94-04c1-424b-9868-57a2d4851a1d" relativeResultsDirectory="cf6b1b58-537d-462b-9432-62c1324fe07e" />
    <UnitTestResult executionId="00511a0e-6aa0-4eef-a8a4-4fbb544b3e7f" testId="306f2481-5801-841e-f3ad-e5accc922154" testName="FinancialAccounting.IntegrationTests.PeriodsTests.ClosePeriod_AsFinanceManager_AllowsOrNotFound" computerName="KZ" duration="00:00:00.1214781" startTime="2026-02-22T23:15:01.3609268+07:00" endTime="2026-02-22T23:15:01.3609271+07:00" testType="13cdc9d9-ddb5-4fa4-a97d-d965ccfc6d4b" outcome="Passed" testListId="8c84fa94-04c1-424b-9868-57a2d4851a1d" relativeResultsDirectory="00511a0e-6aa0-4eef-a8a4-4fbb544b3e7f" />
    <UnitTestResult executionId="20ca1ef0-142e-4d7a-be64-4a05e84da493" testId="3dbbb93d-8f73-3b49-9a92-9d675a6926e9" testName="FinancialAccounting.IntegrationTests.RbacMatrixTests.EndpointRoleMatrix_MatchesExpectedStatus(endpointKey: &quot;POST /journal-entries/bulk&quot;, role: &quot;Anonymous&quot;)" computerName="KZ" duration="00:00:00.0021248" startTime="2026-02-22T23:15:01.8959292+07:00" endTime="2026-02-22T23:15:01.8959301+07:00" testType="13cdc9d9-ddb5-4fa4-a97d-d965ccfc6d4b" outcome="Passed" testListId="8c84fa94-04c1-424b-9868-57a2d4851a1d" relativeResultsDirectory="20ca1ef0-142e-4d7a-be64-4a05e84da493" />
    <UnitTestResult executionId="b6e9c295-3ac8-468f-9e67-bd3bddef90d1" testId="1a905e1c-9907-8798-7ed9-d558dc37bebb" testName="FinancialAccounting.IntegrationTests.RbacMatrixTests.EndpointRoleMatrix_MatchesExpectedStatus(endpointKey: &quot;GET /reports/trial-balance&quot;, role: &quot;User&quot;)" computerName="KZ" duration="00:00:00.0088012" startTime="2026-02-22T23:15:02.3859466+07:00" endTime="2026-02-22T23:15:02.3859469+07:00" testType="13cdc9d9-ddb5-4fa4-a97d-d965ccfc6d4b" outcome="Passed" testListId="8c84fa94-04c1-424b-9868-57a2d4851a1d" relativeResultsDirectory="b6e9c295-3ac8-468f-9e67-bd3bddef90d1" />
    <UnitTestResult executionId="ad523f9f-4929-491c-bbc5-dba4a88e16cf" testId="7d766e98-0359-9b5d-a696-152f31735126" testName="FinancialAccounting.IntegrationTests.RbacMatrixTests.EndpointRoleMatrix_MatchesExpectedStatus(endpointKey: &quot;POST /users&quot;, role: &quot;User&quot;)" computerName="KZ" duration="00:00:00.0067059" startTime="2026-02-22T23:15:02.2720278+07:00" endTime="2026-02-22T23:15:02.2720280+07:00" testType="13cdc9d9-ddb5-4fa4-a97d-d965ccfc6d4b" outcome="Passed" testListId="8c84fa94-04c1-424b-9868-57a2d4851a1d" relativeResultsDirectory="ad523f9f-4929-491c-bbc5-dba4a88e16cf" />
    <UnitTestResult executionId="aa2ea72c-37c9-4dd9-a706-63473d2cff42" testId="611e1f04-ee4f-4898-68d9-2076653e8c37" testName="FinancialAccounting.IntegrationTests.RbacMatrixTests.EndpointRoleMatrix_MatchesExpectedStatus(endpointKey: &quot;POST /journal-entries/{id}/reverse&quot;, role: &quot;FinanceManager&quot;)" computerName="KZ" duration="00:00:00.0124369" startTime="2026-02-22T23:15:02.2496284+07:00" endTime="2026-02-22T23:15:02.2496291+07:00" testType="13cdc9d9-ddb5-4fa4-a97d-d965ccfc6d4b" outcome="Passed" testListId="8c84fa94-04c1-424b-9868-57a2d4851a1d" relativeResultsDirectory="aa2ea72c-37c9-4dd9-a706-63473d2cff42" />
    <UnitTestResult executionId="da1697c2-dea9-40b1-b5f6-bd374b98fcdf" testId="700c644c-82ab-9b46-731e-f2fb64eee56e" testName="FinancialAccounting.IntegrationTests.RbacMatrixTests.EndpointRoleMatrix_MatchesExpectedStatus(endpointKey: &quot;POST /periods/{id}/close&quot;, role: &quot;User&quot;)" computerName="KZ" duration="00:00:00.0074211" startTime="2026-02-22T23:15:01.7624737+07:00" endTime="2026-02-22T23:15:01.7624739+07:00" testType="13cdc9d9-ddb5-4fa4-a97d-d965ccfc6d4b" outcome="Passed" testListId="8c84fa94-04c1-424b-9868-57a2d4851a1d" relativeResultsDirectory="da1697c2-dea9-40b1-b5f6-bd374b98fcdf" />
    <UnitTestResult executionId="53250634-7adf-4aa3-9b4f-c8f418d02547" testId="7bb1fbd8-8f77-e819-b77c-e89e0ae6f0ab" testName="FinancialAccounting.IntegrationTests.UsersTests.GetMe_WithoutToken_ReturnsUnauthorized" computerName="KZ" duration="00:00:00.0069017" startTime="2026-02-22T23:15:00.7717514+07:00" endTime="2026-02-22T23:15:00.7717517+07:00" testType="13cdc9d9-ddb5-4fa4-a97d-d965ccfc6d4b" outcome="Passed" testListId="8c84fa94-04c1-424b-9868-57a2d4851a1d" relativeResultsDirectory="53250634-7adf-4aa3-9b4f-c8f418d02547" />
    <UnitTestResult executionId="426b0ef7-5e0d-4cdd-9213-a4c1817866d6" testId="7c3f2aef-a84e-bc14-9df1-08c926f39d17" testName="FinancialAccounting.IntegrationTests.RbacMatrixTests.EndpointRoleMatrix_MatchesExpectedStatus(endpointKey: &quot;POST /periods/{id}/close&quot;, role: &quot;Anonymous&quot;)" computerName="KZ" duration="00:00:00.0024068" startTime="2026-02-22T23:15:02.3375269+07:00" endTime="2026-02-22T23:15:02.3375272+07:00" testType="13cdc9d9-ddb5-4fa4-a97d-d965ccfc6d4b" outcome="Passed" testListId="8c84fa94-04c1-424b-9868-57a2d4851a1d" relativeResultsDirectory="426b0ef7-5e0d-4cdd-9213-a4c1817866d6" />
    <UnitTestResult executionId="00941f5f-1911-4010-abe1-8b36a508a6a9" testId="8acb0b62-1e00-090e-2b7b-77ef13318e5a" testName="FinancialAccounting.IntegrationTests.RbacMatrixTests.EndpointRoleMatrix_MatchesExpectedStatus(endpointKey: &quot;GET /audit-logs&quot;, role: &quot;FinanceManager&quot;)" computerName="KZ" duration="00:00:00.0067789" startTime="2026-02-22T23:15:02.0465375+07:00" endTime="2026-02-22T23:15:02.0465378+07:00" testType="13cdc9d9-ddb5-4fa4-a97d-d965ccfc6d4b" outcome="Passed" testListId="8c84fa94-04c1-424b-9868-57a2d4851a1d" relativeResultsDirectory="00941f5f-1911-4010-abe1-8b36a508a6a9" />
    <UnitTestResult executionId="fc7756e0-0f7b-461b-9566-c9ec60d37dbd" testId="7b7f459c-7ed5-0c29-a882-8b12579ef43a" testName="FinancialAccounting.IntegrationTests.RbacMatrixTests.EndpointRoleMatrix_MatchesExpectedStatus(endpointKey: &quot;GET /users/me&quot;, role: &quot;Admin&quot;)" computerName="KZ" duration="00:00:00.0213210" startTime="2026-02-22T23:15:01.7501500+07:00" endTime="2026-02-22T23:15:01.7501505+07:00" testType="13cdc9d9-ddb5-4fa4-a97d-d965ccfc6d4b" outcome="Passed" testListId="8c84fa94-04c1-424b-9868-57a2d4851a1d" relativeResultsDirectory="fc7756e0-0f7b-461b-9566-c9ec60d37dbd" />
    <UnitTestResult executionId="9b38157e-8852-46c9-aff0-7e5d98551983" testId="f8117aec-645a-882f-d148-13c0a2b93ade" testName="FinancialAccounting.IntegrationTests.RbacMatrixTests.EndpointRoleMatrix_MatchesExpectedStatus(endpointKey: &quot;GET /accounts&quot;, role: &quot;FinanceManager&quot;)" computerName="KZ" duration="00:00:00.0084502" startTime="2026-02-22T23:15:01.6835088+07:00" endTime="2026-02-22T23:15:01.6835090+07:00" testType="13cdc9d9-ddb5-4fa4-a97d-d965ccfc6d4b" outcome="Passed" testListId="8c84fa94-04c1-424b-9868-57a2d4851a1d" relativeResultsDirectory="9b38157e-8852-46c9-aff0-7e5d98551983" />
    <UnitTestResult executionId="6aafa1a0-e147-4ab8-a2ea-2d7c4383fc50" testId="b4dbf64b-3310-3ba7-d896-32c343dad7be" testName="FinancialAccounting.IntegrationTests.RbacMatrixTests.EndpointRoleMatrix_MatchesExpectedStatus(endpointKey: &quot;GET /users/me&quot;, role: &quot;Auditor&quot;)" computerName="KZ" duration="00:00:00.0154077" startTime="2026-02-22T23:15:01.7281260+07:00" endTime="2026-02-22T23:15:01.7281262+07:00" testType="13cdc9d9-ddb5-4fa4-a97d-d965ccfc6d4b" outcome="Passed" testListId="8c84fa94-04c1-424b-9868-57a2d4851a1d" relativeResultsDirectory="6aafa1a0-e147-4ab8-a2ea-2d7c4383fc50" />
    <UnitTestResult executionId="bf957342-f1de-47b2-9810-b91c1c43d929" testId="892554c2-9461-9d83-352d-eaa89c2f3010" testName="FinancialAccounting.IntegrationTests.RbacMatrixTests.EndpointRoleMatrix_MatchesExpectedStatus(endpointKey: &quot;POST /users&quot;, role: &quot;Anonymous&quot;)" computerName="KZ" duration="00:00:00.0026309" startTime="2026-02-22T23:15:01.9336995+07:00" endTime="2026-02-22T23:15:01.9337001+07:00" testType="13cdc9d9-ddb5-4fa4-a97d-d965ccfc6d4b" outcome="Passed" testListId="8c84fa94-04c1-424b-9868-57a2d4851a1d" relativeResultsDirectory="bf957342-f1de-47b2-9810-b91c1c43d929" />
    <UnitTestResult executionId="180d5dd3-23e4-42b8-ad63-b88a39fe738f" testId="6cbe4725-228a-c132-4265-4bd45aabc88b" testName="FinancialAccounting.IntegrationTests.RbacMatrixTests.EndpointRoleMatrix_MatchesExpectedStatus(endpointKey: &quot;GET /periods&quot;, role: &quot;Auditor&quot;)" computerName="KZ" duration="00:00:00.0096802" startTime="2026-02-22T23:15:02.0835996+07:00" endTime="2026-02-22T23:15:02.0835999+07:00" testType="13cdc9d9-ddb5-4fa4-a97d-d965ccfc6d4b" outcome="Passed" testListId="8c84fa94-04c1-424b-9868-57a2d4851a1d" relativeResultsDirectory="180d5dd3-23e4-42b8-ad63-b88a39fe738f" />
    <UnitTestResult executionId="d950c174-65bd-491c-994d-14128488301d" testId="02de4985-cf3d-2190-2041-1dab29f127a5" testName="FinancialAccounting.IntegrationTests.RbacMatrixTests.EndpointRoleMatrix_MatchesExpectedStatus(endpointKey: &quot;GET /users/me&quot;, role: &quot;FinanceManager&quot;)" computerName="KZ" duration="00:00:00.0095454" startTime="2026-02-22T23:15:02.0938257+07:00" endTime="2026-02-22T23:15:02.0938265+07:00" testType="13cdc9d9-ddb5-4fa4-a97d-d965ccfc6d4b" outcome="Passed" testListId="8c84fa94-04c1-424b-9868-57a2d4851a1d" relativeResultsDirectory="d950c174-65bd-491c-994d-14128488301d" />
    <UnitTestResult executionId="b0ebb4c6-bbce-4a99-93a8-68070e3ea0e2" testId="e9c5c773-f91a-864a-73ca-1ed0942d2685" testName="FinancialAccounting.IntegrationTests.HealthTests.ReadyHealth_ReturnsOk" computerName="KZ" duration="00:00:00.1459125" startTime="2026-02-22T23:15:00.5313730+07:00" endTime="2026-02-22T23:15:00.5313735+07:00" testType="13cdc9d9-ddb5-4fa4-a97d-d965ccfc6d4b" outcome="Passed" testListId="8c84fa94-04c1-424b-9868-57a2d4851a1d" relativeResultsDirectory="b0ebb4c6-bbce-4a99-93a8-68070e3ea0e2" />
    <UnitTestResult executionId="704f91a0-ccef-48f6-ba72-4955960d8287" testId="8cdad0b3-559f-95d0-d3df-a9991d9dd83c" testName="FinancialAccounting.IntegrationTests.RbacMatrixTests.EndpointRoleMatrix_MatchesExpectedStatus(endpointKey: &quot;GET /audit-logs&quot;, role: &quot;User&quot;)" computerName="KZ" duration="00:00:00.0068832" startTime="2026-02-22T23:15:02.2299895+07:00" endTime="2026-02-22T23:15:02.2299899+07:00" testType="13cdc9d9-ddb5-4fa4-a97d-d965ccfc6d4b" outcome="Passed" testListId="8c84fa94-04c1-424b-9868-57a2d4851a1d" relativeResultsDirectory="704f91a0-ccef-48f6-ba72-4955960d8287" />
    <UnitTestResult executionId="4ba69f5e-87ab-4878-962a-3ce2029c52a6" testId="f7c2cf9f-2a3a-5f72-d76a-37a99b3a3f3e" testName="FinancialAccounting.IntegrationTests.RbacMatrixTests.EndpointRoleMatrix_MatchesExpectedStatus(endpointKey: &quot;POST /accounts&quot;, role: &quot;Anonymous&quot;)" computerName="KZ" duration="00:00:00.0020071" startTime="2026-02-22T23:15:02.2987633+07:00" endTime="2026-02-22T23:15:02.2987636+07:00" testType="13cdc9d9-ddb5-4fa4-a97d-d965ccfc6d4b" outcome="Passed" testListId="8c84fa94-04c1-424b-9868-57a2d4851a1d" relativeResultsDirectory="4ba69f5e-87ab-4878-962a-3ce2029c52a6" />
    <UnitTestResult executionId="9177f407-5522-44ff-9957-7c81636991d5" testId="5aec530a-d53f-f11f-b505-9fd2615946a7" testName="FinancialAccounting.IntegrationTests.RbacMatrixTests.EndpointRoleMatrix_MatchesExpectedStatus(endpointKey: &quot;POST /journal-entries&quot;, role: &quot;Anonymous&quot;)" computerName="KZ" duration="00:00:00.0022596" startTime="2026-02-22T23:15:02.2134398+07:00" endTime="2026-02-22T23:15:02.2134403+07:00" testType="13cdc9d9-ddb5-4fa4-a97d-d965ccfc6d4b" outcome="Passed" testListId="8c84fa94-04c1-424b-9868-57a2d4851a1d" relativeResultsDirectory="9177f407-5522-44ff-9957-7c81636991d5" />
    <UnitTestResult executionId="53b3a933-011c-48b7-aca8-8481f70e2fc9" testId="3456786f-b1b8-fd35-0c7a-bf3b3da3f102" testName="FinancialAccounting.IntegrationTests.RbacMatrixTests.EndpointRoleMatrix_MatchesExpectedStatus(endpointKey: &quot;POST /users&quot;, role: &quot;Admin&quot;)" computerName="KZ" duration="00:00:00.0189504" startTime="2026-02-22T23:15:02.3344685+07:00" endTime="2026-02-22T23:15:02.3344687+07:00" testType="13cdc9d9-ddb5-4fa4-a97d-d965ccfc6d4b" outcome="Passed" testListId="8c84fa94-04c1-424b-9868-57a2d4851a1d" relativeResultsDirectory="53b3a933-011c-48b7-aca8-8481f70e2fc9" />
    <UnitTestResult executionId="f7c87552-d6b8-4865-ab15-b672cdd5de7f" testId="798fb684-0686-a307-304e-a70ad9fe6944" testName="FinancialAccounting.IntegrationTests.RbacMatrixTests.EndpointRoleMatrix_MatchesExpectedStatus(endpointKey: &quot;POST /journal-entries/bulk&quot;, role: &quot;FinanceManager&quot;)" computerName="KZ" duration="00:00:00.0299531" startTime="2026-02-22T23:15:01.8499789+07:00" endTime="2026-02-22T23:15:01.8499797+07:00" testType="13cdc9d9-ddb5-4fa4-a97d-d965ccfc6d4b" outcome="Passed" testListId="8c84fa94-04c1-424b-9868-57a2d4851a1d" relativeResultsDirectory="f7c87552-d6b8-4865-ab15-b672cdd5de7f" />
    <UnitTestResult executionId="83695d0f-7f09-482b-ba1a-bd5160cf155f" testId="780aae1e-921f-c3b4-389e-652912a67fff" testName="FinancialAccounting.IntegrationTests.RbacMatrixTests.EndpointRoleMatrix_MatchesExpectedStatus(endpointKey: &quot;POST /users&quot;, role: &quot;FinanceManager&quot;)" computerName="KZ" duration="00:00:00.0060342" startTime="2026-02-22T23:15:02.2365965+07:00" endTime="2026-02-22T23:15:02.2365967+07:00" testType="13cdc9d9-ddb5-4fa4-a97d-d965ccfc6d4b" outcome="Passed" testListId="8c84fa94-04c1-424b-9868-57a2d4851a1d" relativeResultsDirectory="83695d0f-7f09-482b-ba1a-bd5160cf155f" />
    <UnitTestResult executionId="7c278c13-d183-4c79-a609-23f84097a7a3" testId="ba40c464-14ee-d46e-3c95-4754f1353fbf" testName="FinancialAccounting.IntegrationTests.JournalEntriesTests.CreateDraft_AsAuditor_ReturnsForbidden" computerName="KZ" duration="00:00:00.0982957" startTime="2026-02-22T23:15:00.8717842+07:00" endTime="2026-02-22T23:15:00.8717845+07:00" testType="13cdc9d9-ddb5-4fa4-a97d-d965ccfc6d4b" outcome="Passed" testListId="8c84fa94-04c1-424b-9868-57a2d4851a1d" relativeResultsDirectory="7c278c13-d183-4c79-a609-23f84097a7a3" />
    <UnitTestResult executionId="00c77ba9-21e6-4a56-a61c-631f12a2bea9" testId="e3d8e7ba-8c45-612f-66b1-6566e1cd6453" testName="FinancialAccounting.IntegrationTests.RbacMatrixTests.EndpointRoleMatrix_MatchesExpectedStatus(endpointKey: &quot;POST /journal-entries/bulk&quot;, role: &quot;User&quot;)" computerName="KZ" duration="00:00:00.0060871" startTime="2026-02-22T23:15:02.0297852+07:00" endTime="2026-02-22T23:15:02.0297863+07:00" testType="13cdc9d9-ddb5-4fa4-a97d-d965ccfc6d4b" outcome="Passed" testListId="8c84fa94-04c1-424b-9868-57a2d4851a1d" relativeResultsDirectory="00c77ba9-21e6-4a56-a61c-631f12a2bea9" />
    <UnitTestResult executionId="4ace29a3-9e1b-4e68-8711-a21643693812" testId="0dbac34d-f0af-458d-c45e-89027655fe36" testName="FinancialAccounting.IntegrationTests.PeriodsTests.GetPeriods_WithAuth_ReturnsOk" computerName="KZ" duration="00:00:00.0298588" startTime="2026-02-22T23:15:01.3914188+07:00" endTime="2026-02-22T23:15:01.3914191+07:00" testType="13cdc9d9-ddb5-4fa4-a97d-d965ccfc6d4b" outcome="Passed" testListId="8c84fa94-04c1-424b-9868-57a2d4851a1d" relativeResultsDirectory="4ace29a3-9e1b-4e68-8711-a21643693812" />
    <UnitTestResult executionId="96f267dd-4d47-4c09-9cbd-29fd06dfd40a" testId="deb439ee-7e54-e250-0d6e-2714d25610d7" testName="FinancialAccounting.IntegrationTests.RbacMatrixTests.EndpointRoleMatrix_MatchesExpectedStatus(endpointKey: &quot;GET /reports/trial-balance&quot;, role: &quot;Auditor&quot;)" computerName="KZ" duration="00:00:00.0864718" startTime="2026-02-22T23:15:01.6555356+07:00" endTime="2026-02-22T23:15:01.6555361+07:00" testType="13cdc9d9-ddb5-4fa4-a97d-d965ccfc6d4b" outcome="Passed" testListId="8c84fa94-04c1-424b-9868-57a2d4851a1d" relativeResultsDirectory="96f267dd-4d47-4c09-9cbd-29fd06dfd40a" />
    <UnitTestResult executionId="5026d330-73d2-4264-baa7-f59d39ba74d0" testId="4d370e75-20b3-b3d1-1426-f858fd5b17f0" testName="FinancialAccounting.IntegrationTests.RbacMatrixTests.EndpointRoleMatrix_MatchesExpectedStatus(endpointKey: &quot;GET /periods&quot;, role: &quot;Anonymous&quot;)" computerName="KZ" duration="00:00:00.0025033" startTime="2026-02-22T23:15:02.0231231+07:00" endTime="2026-02-22T23:15:02.0231234+07:00" testType="13cdc9d9-ddb5-4fa4-a97d-d965ccfc6d4b" outcome="Passed" testListId="8c84fa94-04c1-424b-9868-57a2d4851a1d" relativeResultsDirectory="5026d330-73d2-4264-baa7-f59d39ba74d0" />
    <UnitTestResult executionId="d5ac6eb3-fc6b-44a6-b4c2-ad0a4d0deac5" testId="6f9ffd85-c18c-db04-2ccc-98d1c4c65580" testName="FinancialAccounting.IntegrationTests.RbacMatrixTests.EndpointRoleMatrix_MatchesExpectedStatus(endpointKey: &quot;GET /accounts&quot;, role: &quot;Auditor&quot;)" computerName="KZ" duration="00:00:00.1135603" startTime="2026-02-22T23:15:01.5542871+07:00" endTime="2026-02-22T23:15:01.5542875+07:00" testType="13cdc9d9-ddb5-4fa4-a97d-d965ccfc6d4b" outcome="Passed" testListId="8c84fa94-04c1-424b-9868-57a2d4851a1d" relativeResultsDirectory="d5ac6eb3-fc6b-44a6-b4c2-ad0a4d0deac5" />
    <UnitTestResult executionId="3d8150fb-beeb-4351-8087-d4862ea1f7f7" testId="04307952-ac12-35a6-bec5-fda2761f0f7d" testName="FinancialAccounting.IntegrationTests.RbacMatrixTests.EndpointRoleMatrix_MatchesExpectedStatus(endpointKey: &quot;POST /journal-entries/{id}/post&quot;, role: &quot;Admin&quot;)" computerName="KZ" duration="00:00:00.0277473" startTime="2026-02-22T23:15:01.7120417+07:00" endTime="2026-02-22T23:15:01.7120419+07:00" testType="13cdc9d9-ddb5-4fa4-a97d-d965ccfc6d4b" outcome="Passed" testListId="8c84fa94-04c1-424b-9868-57a2d4851a1d" relativeResultsDirectory="3d8150fb-beeb-4351-8087-d4862ea1f7f7" />
    <UnitTestResult executionId="7a92a807-18de-4ee6-96cc-30239a1d46ca" testId="80f9efd5-3d96-0c79-0f29-805413691712" testName="FinancialAccounting.IntegrationTests.RbacMatrixTests.EndpointRoleMatrix_MatchesExpectedStatus(endpointKey: &quot;DELETE /journal-entries/{id}&quot;, role: &quot;Auditor&quot;)" computerName="KZ" duration="00:00:00.0076311" startTime="2026-02-22T23:15:02.2013887+07:00" endTime="2026-02-22T23:15:02.2013890+07:00" testType="13cdc9d9-ddb5-4fa4-a97d-d965ccfc6d4b" outcome="Passed" testListId="8c84fa94-04c1-424b-9868-57a2d4851a1d" relativeResultsDirectory="7a92a807-18de-4ee6-96cc-30239a1d46ca" />
    <UnitTestResult executionId="fc83821b-a389-4a44-8974-3c7b21b9f947" testId="60b3d6ac-7365-5c4c-d741-d87df0763dee" testName="FinancialAccounting.IntegrationTests.UsersTests.CreateUser_AsNonAdmin_ReturnsForbidden" computerName="KZ" duration="00:00:00.1420843" startTime="2026-02-22T23:15:00.6831150+07:00" endTime="2026-02-22T23:15:00.6831154+07:00" testType="13cdc9d9-ddb5-4fa4-a97d-d965ccfc6d4b" outcome="Passed" testListId="8c84fa94-04c1-424b-9868-57a2d4851a1d" relativeResultsDirectory="fc83821b-a389-4a44-8974-3c7b21b9f947" />
    <UnitTestResult executionId="97f7539a-9348-4e19-bc10-5562f9053982" testId="eecc250c-29e8-128e-3170-cde7a01e12ad" testName="FinancialAccounting.IntegrationTests.UsersTests.CreateUser_AsAdmin_ReturnsCreated" computerName="KZ" duration="00:00:00.0538256" startTime="2026-02-22T23:15:00.7379012+07:00" endTime="2026-02-22T23:15:00.7379020+07:00" testType="13cdc9d9-ddb5-4fa4-a97d-d965ccfc6d4b" outcome="Passed" testListId="8c84fa94-04c1-424b-9868-57a2d4851a1d" relativeResultsDirectory="97f7539a-9348-4e19-bc10-5562f9053982" />
    <UnitTestResult executionId="7f7e3854-cf66-4cc2-9e64-a99b9e700c79" testId="12b41905-47ee-61e7-6485-92ccd14ae059" testName="FinancialAccounting.IntegrationTests.RbacMatrixTests.EndpointRoleMatrix_MatchesExpectedStatus(endpointKey: &quot;POST /journal-entries/bulk&quot;, role: &quot;Auditor&quot;)" computerName="KZ" duration="00:00:00.0063473" startTime="2026-02-22T23:15:02.3055837+07:00" endTime="2026-02-22T23:15:02.3055839+07:00" testType="13cdc9d9-ddb5-4fa4-a97d-d965ccfc6d4b" outcome="Passed" testListId="8c84fa94-04c1-424b-9868-57a2d4851a1d" relativeResultsDirectory="7f7e3854-cf66-4cc2-9e64-a99b9e700c79" />
    <UnitTestResult executionId="a9005359-1df3-4afa-a6fc-588097f5d779" testId="0f301070-4ab7-43d8-09b0-7ce615e8f521" testName="FinancialAccounting.IntegrationTests.RbacMatrixTests.EndpointRoleMatrix_MatchesExpectedStatus(endpointKey: &quot;GET /accounts&quot;, role: &quot;Anonymous&quot;)" computerName="KZ" duration="00:00:00.0024553" startTime="2026-02-22T23:15:02.3631581+07:00" endTime="2026-02-22T23:15:02.3631584+07:00" testType="13cdc9d9-ddb5-4fa4-a97d-d965ccfc6d4b" outcome="Passed" testListId="8c84fa94-04c1-424b-9868-57a2d4851a1d" relativeResultsDirectory="a9005359-1df3-4afa-a6fc-588097f5d779" />
    <UnitTestResult executionId="a7dc4fb7-1f5b-4c6a-b47a-a683cfe73d64" testId="ea12878b-7fdb-b581-1e9f-d6efcff5eea7" testName="FinancialAccounting.IntegrationTests.RbacMatrixTests.EndpointRoleMatrix_MatchesExpectedStatus(endpointKey: &quot;GET /users/me&quot;, role: &quot;User&quot;)" computerName="KZ" duration="00:00:00.0092942" startTime="2026-02-22T23:15:01.9699948+07:00" endTime="2026-02-22T23:15:01.9699953+07:00" testType="13cdc9d9-ddb5-4fa4-a97d-d965ccfc6d4b" outcome="Passed" testListId="8c84fa94-04c1-424b-9868-57a2d4851a1d" relativeResultsDirectory="a7dc4fb7-1f5b-4c6a-b47a-a683cfe73d64" />
    <UnitTestResult executionId="b3653688-13f2-4dc0-9677-582cc5ccb935" testId="94275d03-6366-66fe-0c7e-27eaf380ec0b" testName="FinancialAccounting.IntegrationTests.RbacMatrixTests.EndpointRoleMatrix_MatchesExpectedStatus(endpointKey: &quot;POST /periods/{id}/close&quot;, role: &quot;FinanceManager&quot;)" computerName="KZ" duration="00:00:00.0082347" startTime="2026-02-22T23:15:01.9528327+07:00" endTime="2026-02-22T23:15:01.9528330+07:00" testType="13cdc9d9-ddb5-4fa4-a97d-d965ccfc6d4b" outcome="Passed" testListId="8c84fa94-04c1-424b-9868-57a2d4851a1d" relativeResultsDirectory="b3653688-13f2-4dc0-9677-582cc5ccb935" />
    <UnitTestResult executionId="5b099be5-9c50-47b2-9795-952f25c18015" testId="442750b3-81f3-7a3e-736d-becf4d2b7848" testName="FinancialAccounting.IntegrationTests.AuditLogsTests.AuditLogs_Auditor_ReturnsOk" computerName="KZ" duration="00:00:00.0166218" startTime="2026-02-22T23:15:00.3667612+07:00" endTime="2026-02-22T23:15:00.3667615+07:00" testType="13cdc9d9-ddb5-4fa4-a97d-d965ccfc6d4b" outcome="Passed" testListId="8c84fa94-04c1-424b-9868-57a2d4851a1d" relativeResultsDirectory="5b099be5-9c50-47b2-9795-952f25c18015" />
    <UnitTestResult executionId="c5bb434f-19d5-4639-9c1a-3f2e72a34326" testId="4c553d32-493b-04b8-233c-94fd5d426ef7" testName="FinancialAccounting.IntegrationTests.RbacMatrixTests.EndpointRoleMatrix_MatchesExpectedStatus(endpointKey: &quot;POST /accounts&quot;, role: &quot;FinanceManager&quot;)" computerName="KZ" duration="00:00:00.0070082" startTime="2026-02-22T23:15:02.3597835+07:00" endTime="2026-02-22T23:15:02.3597838+07:00" testType="13cdc9d9-ddb5-4fa4-a97d-d965ccfc6d4b" outcome="Passed" testListId="8c84fa94-04c1-424b-9868-57a2d4851a1d" relativeResultsDirectory="c5bb434f-19d5-4639-9c1a-3f2e72a34326" />
    <UnitTestResult executionId="cb79e00b-bbf9-4fc1-b0f9-93bad307b695" testId="97476a96-3934-fb4e-9afd-1b0e836624ad" testName="FinancialAccounting.IntegrationTests.RbacMatrixTests.EndpointRoleMatrix_MatchesExpectedStatus(endpointKey: &quot;POST /accounts&quot;, role: &quot;User&quot;)" computerName="KZ" duration="00:00:00.0085241" startTime="2026-02-22T23:15:02.0390912+07:00" endTime="2026-02-22T23:15:02.0390914+07:00" testType="13cdc9d9-ddb5-4fa4-a97d-d965ccfc6d4b" outcome="Passed" testListId="8c84fa94-04c1-424b-9868-57a2d4851a1d" relativeResultsDirectory="cb79e00b-bbf9-4fc1-b0f9-93bad307b695" />
    <UnitTestResult executionId="9792936a-36f8-4ff5-be31-38809d146d9a" testId="968478e2-beb0-c59c-8d31-211dd76f8348" testName="FinancialAccounting.IntegrationTests.HealthTests.LiveHealth_ReturnsOk" computerName="KZ" duration="00:00:00.0074272" startTime="2026-02-22T23:15:00.5393686+07:00" endTime="2026-02-22T23:15:00.5393689+07:00" testType="13cdc9d9-ddb5-4fa4-a97d-d965ccfc6d4b" outcome="Passed" testListId="8c84fa94-04c1-424b-9868-57a2d4851a1d" relativeResultsDirectory="9792936a-36f8-4ff5-be31-38809d146d9a" />
    <UnitTestResult executionId="0573dbd5-18a9-40ee-98e9-2637341d91e4" testId="dc74aeca-0673-b823-3c68-5c7dd17e3be3" testName="FinancialAccounting.IntegrationTests.RbacMatrixTests.EndpointRoleMatrix_MatchesExpectedStatus(endpointKey: &quot;GET /periods&quot;, role: &quot;FinanceManager&quot;)" computerName="KZ" duration="00:00:00.0101654" startTime="2026-02-22T23:15:02.2892304+07:00" endTime="2026-02-22T23:15:02.2892307+07:00" testType="13cdc9d9-ddb5-4fa4-a97d-d965ccfc6d4b" outcome="Passed" testListId="8c84fa94-04c1-424b-9868-57a2d4851a1d" relativeResultsDirectory="0573dbd5-18a9-40ee-98e9-2637341d91e4" />
    <UnitTestResult executionId="547b1d99-dff9-4fd6-b94a-5a84f2050704" testId="68a8165c-9030-1163-2f60-f73d4ba71ae5" testName="FinancialAccounting.IntegrationTests.RbacMatrixTests.EndpointRoleMatrix_MatchesExpectedStatus(endpointKey: &quot;DELETE /journal-entries/{id}&quot;, role: &quot;FinanceManager&quot;)" computerName="KZ" duration="00:00:00.0141609" startTime="2026-02-22T23:15:02.1085916+07:00" endTime="2026-02-22T23:15:02.1085918+07:00" testType="13cdc9d9-ddb5-4fa4-a97d-d965ccfc6d4b" outcome="Passed" testListId="8c84fa94-04c1-424b-9868-57a2d4851a1d" relativeResultsDirectory="547b1d99-dff9-4fd6-b94a-5a84f2050704" />
    <UnitTestResult executionId="26cd4365-79b2-45fd-a17e-80bcb621c909" testId="fc8b645a-f746-6d40-6e09-d8ad0f152b74" testName="FinancialAccounting.IntegrationTests.RbacMatrixTests.EndpointRoleMatrix_MatchesExpectedStatus(endpointKey: &quot;GET /periods&quot;, role: &quot;Admin&quot;)" computerName="KZ" duration="00:00:00.0067695" startTime="2026-02-22T23:15:02.3932784+07:00" endTime="2026-02-22T23:15:02.3932787+07:00" testType="13cdc9d9-ddb5-4fa4-a97d-d965ccfc6d4b" outcome="Passed" testListId="8c84fa94-04c1-424b-9868-57a2d4851a1d" relativeResultsDirectory="26cd4365-79b2-45fd-a17e-80bcb621c909" />
    <UnitTestResult executionId="8fffb90a-f6de-432d-8c45-d71bd971e6dc" testId="aafa901a-4a44-fbc1-df24-fd18217c0bbf" testName="FinancialAccounting.IntegrationTests.AuthTests.Login_WithMissingFields_ReturnsBadRequest" computerName="KZ" duration="00:00:00.0119856" startTime="2026-02-22T23:15:00.1464322+07:00" endTime="2026-02-22T23:15:00.1464325+07:00" testType="13cdc9d9-ddb5-4fa4-a97d-d965ccfc6d4b" outcome="Passed" testListId="8c84fa94-04c1-424b-9868-57a2d4851a1d" relativeResultsDirectory="8fffb90a-f6de-432d-8c45-d71bd971e6dc" />
    <UnitTestResult executionId="303ef4d3-faae-41e9-bd97-c12a918149fe" testId="4a4dc6ce-fb4f-1fff-ac93-b47d96093efe" testName="FinancialAccounting.IntegrationTests.RbacMatrixTests.EndpointRoleMatrix_MatchesExpectedStatus(endpointKey: &quot;POST /periods/{id}/close&quot;, role: &quot;Auditor&quot;)" computerName="KZ" duration="00:00:00.0079612" startTime="2026-02-22T23:15:01.8782011+07:00" endTime="2026-02-22T23:15:01.8782014+07:00" testType="13cdc9d9-ddb5-4fa4-a97d-d965ccfc6d4b" outcome="Passed" testListId="8c84fa94-04c1-424b-9868-57a2d4851a1d" relativeResultsDirectory="303ef4d3-faae-41e9-bd97-c12a918149fe" />
    <UnitTestResult executionId="3d58a07d-99c8-4b3f-a258-466cfe1b4798" testId="9c54ced5-1b7b-4cd1-5c3b-df99f31bafc8" testName="FinancialAccounting.IntegrationTests.ReportsTests.Ledger_InvalidAccount_ReturnsBadRequest" computerName="KZ" duration="00:00:00.0320270" startTime="2026-02-22T23:15:02.5708513+07:00" endTime="2026-02-22T23:15:02.5708520+07:00" testType="13cdc9d9-ddb5-4fa4-a97d-d965ccfc6d4b" outcome="Passed" testListId="8c84fa94-04c1-424b-9868-57a2d4851a1d" relativeResultsDirectory="3d58a07d-99c8-4b3f-a258-466cfe1b4798" />
    <UnitTestResult executionId="7b6e700b-761b-4fcd-b84e-44eb603dfd36" testId="fed61d5e-1e0f-0e16-91c8-9fada23ed418" testName="FinancialAccounting.IntegrationTests.RbacMatrixTests.EndpointRoleMatrix_MatchesExpectedStatus(endpointKey: &quot;POST /journal-entries/{id}/reverse&quot;, role: &quot;Auditor&quot;)" computerName="KZ" duration="00:00:00.0097214" startTime="2026-02-22T23:15:01.9439278+07:00" endTime="2026-02-22T23:15:01.9439280+07:00" testType="13cdc9d9-ddb5-4fa4-a97d-d965ccfc6d4b" outcome="Passed" testListId="8c84fa94-04c1-424b-9868-57a2d4851a1d" relativeResultsDirectory="7b6e700b-761b-4fcd-b84e-44eb603dfd36" />
    <UnitTestResult executionId="a807cf49-5216-4b5b-8eae-ed4410e2585b" testId="40e637c8-0909-7f35-556f-cb89608a3e95" testName="FinancialAccounting.IntegrationTests.RbacMatrixTests.EndpointRoleMatrix_MatchesExpectedStatus(endpointKey: &quot;GET /reports/trial-balance&quot;, role: &quot;Anonymous&quot;)" computerName="KZ" duration="00:00:00.0029430" startTime="2026-02-22T23:15:01.8697043+07:00" endTime="2026-02-22T23:15:01.8697046+07:00" testType="13cdc9d9-ddb5-4fa4-a97d-d965ccfc6d4b" outcome="Passed" testListId="8c84fa94-04c1-424b-9868-57a2d4851a1d" relativeResultsDirectory="a807cf49-5216-4b5b-8eae-ed4410e2585b" />
    <UnitTestResult executionId="311ed007-a4e5-47e9-856f-4c9db69d62c1" testId="3e0cad9e-ff70-1181-5693-c578212db2a1" testName="FinancialAccounting.IntegrationTests.RbacMatrixTests.EndpointRoleMatrix_MatchesExpectedStatus(endpointKey: &quot;POST /journal-entries/{id}/post&quot;, role: &quot;Anonymous&quot;)" computerName="KZ" duration="00:00:00.0024700" startTime="2026-02-22T23:15:02.1373235+07:00" endTime="2026-02-22T23:15:02.1373237+07:00" testType="13cdc9d9-ddb5-4fa4-a97d-d965ccfc6d4b" outcome="Passed" testListId="8c84fa94-04c1-424b-9868-57a2d4851a1d" relativeResultsDirectory="311ed007-a4e5-47e9-856f-4c9db69d62c1" />
    <UnitTestResult executionId="607eb214-e730-437e-bbfd-d16ce01eb347" testId="7af5baef-11d7-dc2c-623a-4fea4d9f72fe" testName="FinancialAccounting.IntegrationTests.RbacMatrixTests.EndpointRoleMatrix_MatchesExpectedStatus(endpointKey: &quot;POST /periods/{id}/close&quot;, role: &quot;Admin&quot;)" computerName="KZ" duration="00:00:00.0180292" startTime="2026-02-22T23:15:01.6745575+07:00" endTime="2026-02-22T23:15:01.6745578+07:00" testType="13cdc9d9-ddb5-4fa4-a97d-d965ccfc6d4b" outcome="Passed" testListId="8c84fa94-04c1-424b-9868-57a2d4851a1d" relativeResultsDirectory="607eb214-e730-437e-bbfd-d16ce01eb347" />
    <UnitTestResult executionId="379878fd-a316-4ca6-8a30-7db8c677c58f" testId="f344a3ac-5b2d-cb92-3a16-2b8959d99c0f" testName="FinancialAccounting.IntegrationTests.AccountsTests.CreateAccount_NonAdmin_Forbidden" computerName="KZ" duration="00:00:03.0805049" startTime="2026-02-22T23:14:59.6551472+07:00" endTime="2026-02-22T23:14:59.6551719+07:00" testType="13cdc9d9-ddb5-4fa4-a97d-d965ccfc6d4b" outcome="Passed" testListId="8c84fa94-04c1-424b-9868-57a2d4851a1d" relativeResultsDirectory="379878fd-a316-4ca6-8a30-7db8c677c58f" />
    <UnitTestResult executionId="b5fd95b1-77cf-4c49-b0ef-da16cea900f6" testId="266352ae-e05f-2dee-99f2-d9a6c24a9daf" testName="FinancialAccounting.IntegrationTests.ReportsTests.TrialBalance_Admin_ReturnsOk" computerName="KZ" duration="00:00:00.1277319" startTime="2026-02-22T23:15:02.5226532+07:00" endTime="2026-02-22T23:15:02.5226535+07:00" testType="13cdc9d9-ddb5-4fa4-a97d-d965ccfc6d4b" outcome="Passed" testListId="8c84fa94-04c1-424b-9868-57a2d4851a1d" relativeResultsDirectory="b5fd95b1-77cf-4c49-b0ef-da16cea900f6" />
    <UnitTestResult executionId="f87cd1f6-8863-4429-b776-e5760864fe29" testId="bfcbce57-ec40-2128-049e-40813ec93159" testName="FinancialAccounting.IntegrationTests.RbacMatrixTests.EndpointRoleMatrix_MatchesExpectedStatus(endpointKey: &quot;POST /periods&quot;, role: &quot;Admin&quot;)" computerName="KZ" duration="00:00:00.0253805" startTime="2026-02-22T23:15:02.1929832+07:00" endTime="2026-02-22T23:15:02.1929835+07:00" testType="13cdc9d9-ddb5-4fa4-a97d-d965ccfc6d4b" outcome="Passed" testListId="8c84fa94-04c1-424b-9868-57a2d4851a1d" relativeResultsDirectory="f87cd1f6-8863-4429-b776-e5760864fe29" />
    <UnitTestResult executionId="0da68cb9-6d8a-472f-95ad-61c06be88c01" testId="21f553ab-c14a-ec0b-e8f3-684791550ad7" testName="FinancialAccounting.IntegrationTests.RbacMatrixTests.EndpointRoleMatrix_MatchesExpectedStatus(endpointKey: &quot;GET /accounts&quot;, role: &quot;Admin&quot;)" computerName="KZ" duration="00:00:00.0065765" startTime="2026-02-22T23:15:02.1515612+07:00" endTime="2026-02-22T23:15:02.1515622+07:00" testType="13cdc9d9-ddb5-4fa4-a97d-d965ccfc6d4b" outcome="Passed" testListId="8c84fa94-04c1-424b-9868-57a2d4851a1d" relativeResultsDirectory="0da68cb9-6d8a-472f-95ad-61c06be88c01" />
    <UnitTestResult executionId="80ff5cc8-f68c-49e3-bc7f-b7b0b6d521b5" testId="94726f05-831f-da80-efad-b4992f69d32f" testName="FinancialAccounting.IntegrationTests.RbacMatrixTests.EndpointRoleMatrix_MatchesExpectedStatus(endpointKey: &quot;GET /accounts&quot;, role: &quot;User&quot;)" computerName="KZ" duration="00:00:00.0101762" startTime="2026-02-22T23:15:01.8608370+07:00" endTime="2026-02-22T23:15:01.8608373+07:00" testType="13cdc9d9-ddb5-4fa4-a97d-d965ccfc6d4b" outcome="Passed" testListId="8c84fa94-04c1-424b-9868-57a2d4851a1d" relativeResultsDirectory="80ff5cc8-f68c-49e3-bc7f-b7b0b6d521b5" />
    <UnitTestResult executionId="03f01fe7-a016-4923-9a44-9c6e17d7d503" testId="4fb46b68-d047-0f50-1a26-fab9602a1d46" testName="FinancialAccounting.IntegrationTests.RbacMatrixTests.EndpointRoleMatrix_MatchesExpectedStatus(endpointKey: &quot;GET /audit-logs&quot;, role: &quot;Admin&quot;)" computerName="KZ" duration="00:00:00.0077489" startTime="2026-02-22T23:15:02.1169924+07:00" endTime="2026-02-22T23:15:02.1169927+07:00" testType="13cdc9d9-ddb5-4fa4-a97d-d965ccfc6d4b" outcome="Passed" testListId="8c84fa94-04c1-424b-9868-57a2d4851a1d" relativeResultsDirectory="03f01fe7-a016-4923-9a44-9c6e17d7d503" />
    <UnitTestResult executionId="b66adcd6-0089-40c9-9bcc-64fdc2288310" testId="6b534220-237e-5dd6-6749-c5febe25f740" testName="FinancialAccounting.IntegrationTests.RbacMatrixTests.EndpointRoleMatrix_MatchesExpectedStatus(endpointKey: &quot;POST /journal-entries&quot;, role: &quot;FinanceManager&quot;)" computerName="KZ" duration="00:00:00.0143721" startTime="2026-02-22T23:15:01.8933084+07:00" endTime="2026-02-22T23:15:01.8933087+07:00" testType="13cdc9d9-ddb5-4fa4-a97d-d965ccfc6d4b" outcome="Passed" testListId="8c84fa94-04c1-424b-9868-57a2d4851a1d" relativeResultsDirectory="b66adcd6-0089-40c9-9bcc-64fdc2288310" />
    <UnitTestResult executionId="355b28b0-fd1f-42ed-ac9f-a5b40aa8db3e" testId="4c8ed825-8938-db86-2de8-738b0c2db4f1" testName="FinancialAccounting.IntegrationTests.RbacMatrixTests.EndpointRoleMatrix_MatchesExpectedStatus(endpointKey: &quot;GET /reports/trial-balance&quot;, role: &quot;Admin&quot;)" computerName="KZ" duration="00:00:00.0125402" startTime="2026-02-22T23:15:02.3764212+07:00" endTime="2026-02-22T23:15:02.3764216+07:00" testType="13cdc9d9-ddb5-4fa4-a97d-d965ccfc6d4b" outcome="Passed" testListId="8c84fa94-04c1-424b-9868-57a2d4851a1d" relativeResultsDirectory="355b28b0-fd1f-42ed-ac9f-a5b40aa8db3e" />
    <UnitTestResult executionId="678ef783-511f-4138-bfd1-0d7c27c30274" testId="ccba6c72-64c4-f970-52dc-8ae1557a3547" testName="FinancialAccounting.IntegrationTests.RbacMatrixTests.EndpointRoleMatrix_MatchesExpectedStatus(endpointKey: &quot;POST /journal-entries/{id}/post&quot;, role: &quot;Auditor&quot;)" computerName="KZ" duration="00:00:00.0134001" startTime="2026-02-22T23:15:01.5683805+07:00" endTime="2026-02-22T23:15:01.5683811+07:00" testType="13cdc9d9-ddb5-4fa4-a97d-d965ccfc6d4b" outcome="Passed" testListId="8c84fa94-04c1-424b-9868-57a2d4851a1d" relativeResultsDirectory="678ef783-511f-4138-bfd1-0d7c27c30274" />
    <UnitTestResult executionId="243c29dc-d379-470f-91e0-e3dd71953afc" testId="74900d64-a499-cc77-e9a2-2538c082c7c3" testName="FinancialAccounting.IntegrationTests.RbacMatrixTests.EndpointRoleMatrix_MatchesExpectedStatus(endpointKey: &quot;GET /audit-logs&quot;, role: &quot;Anonymous&quot;)" computerName="KZ" duration="00:00:00.0023828" startTime="2026-02-22T23:15:02.0731572+07:00" endTime="2026-02-22T23:15:02.0731575+07:00" testType="13cdc9d9-ddb5-4fa4-a97d-d965ccfc6d4b" outcome="Passed" testListId="8c84fa94-04c1-424b-9868-57a2d4851a1d" relativeResultsDirectory="243c29dc-d379-470f-91e0-e3dd71953afc" />
    <UnitTestResult executionId="0b19ffb4-e886-4a57-9897-a9ced4f84820" testId="963582e1-1ac0-8a12-d2f1-2b5c663d7338" testName="FinancialAccounting.IntegrationTests.RbacMatrixTests.EndpointRoleMatrix_MatchesExpectedStatus(endpointKey: &quot;GET /reports/trial-balance&quot;, role: &quot;FinanceManager&quot;)" computerName="KZ" duration="00:00:00.0147652" startTime="2026-02-22T23:15:02.1669768+07:00" endTime="2026-02-22T23:15:02.1669771+07:00" testType="13cdc9d9-ddb5-4fa4-a97d-d965ccfc6d4b" outcome="Passed" testListId="8c84fa94-04c1-424b-9868-57a2d4851a1d" relativeResultsDirectory="0b19ffb4-e886-4a57-9897-a9ced4f84820" />
    <UnitTestResult executionId="237d7d78-b30e-467c-bdce-8ef4517c3d9d" testId="8a7f507d-a8cc-dbeb-e612-7a4f20f06f14" testName="FinancialAccounting.IntegrationTests.RbacMatrixTests.EndpointRoleMatrix_MatchesExpectedStatus(endpointKey: &quot;POST /periods&quot;, role: &quot;Auditor&quot;)" computerName="KZ" duration="00:00:00.0058551" startTime="2026-02-22T23:15:02.2784535+07:00" endTime="2026-02-22T23:15:02.2784539+07:00" testType="13cdc9d9-ddb5-4fa4-a97d-d965ccfc6d4b" outcome="Passed" testListId="8c84fa94-04c1-424b-9868-57a2d4851a1d" relativeResultsDirectory="237d7d78-b30e-467c-bdce-8ef4517c3d9d" />
    <UnitTestResult executionId="09a85c28-2559-44c6-b4b9-4a9dc81f21fc" testId="0b6d9e4a-7aaa-b09c-ee80-aa461a99633b" testName="FinancialAccounting.IntegrationTests.AccountsTests.CreateAccount_Admin_Created_AndDuplicateRejected" computerName="KZ" duration="00:00:00.1277482" startTime="2026-02-22T23:14:59.8396319+07:00" endTime="2026-02-22T23:14:59.8396321+07:00" testType="13cdc9d9-ddb5-4fa4-a97d-d965ccfc6d4b" outcome="Passed" testListId="8c84fa94-04c1-424b-9868-57a2d4851a1d" relativeResultsDirectory="09a85c28-2559-44c6-b4b9-4a9dc81f21fc" />
    <UnitTestResult executionId="0970892c-642b-465c-a7c5-81d57309e856" testId="1045adfc-f952-b2d1-6869-01636c484481" testName="FinancialAccounting.IntegrationTests.AuditLogsTests.AuditLogs_User_ReturnsForbidden" computerName="KZ" duration="00:00:00.0161817" startTime="2026-02-22T23:15:00.3834714+07:00" endTime="2026-02-22T23:15:00.3834721+07:00" testType="13cdc9d9-ddb5-4fa4-a97d-d965ccfc6d4b" outcome="Passed" testListId="8c84fa94-04c1-424b-9868-57a2d4851a1d" relativeResultsDirectory="0970892c-642b-465c-a7c5-81d57309e856" />
  </Results>
  <TestDefinitions>
    <UnitTest name="FinancialAccounting.IntegrationTests.RbacMatrixTests.EndpointRoleMatrix_MatchesExpectedStatus(endpointKey: &quot;POST /journal-entries&quot;, role: &quot;Anonymous&quot;)" storage="c:\users\asus\documents\github\school\financial-accounting\tests\financialaccounting.integrationtests\bin\debug\net8.0\financialaccounting.integrationtests.dll" id="5aec530a-d53f-f11f-b505-9fd2615946a7">
      <Execution id="9177f407-5522-44ff-9957-7c81636991d5" />
      <TestMethod codeBase="C:\Users\Asus\Documents\GitHub\school\financial-accounting\tests\FinancialAccounting.IntegrationTests\bin\Debug\net8.0\FinancialAccounting.IntegrationTests.dll" adapterTypeName="executor://xunit/VsTestRunner2/netcoreapp" className="FinancialAccounting.IntegrationTests.RbacMatrixTests" name="EndpointRoleMatrix_MatchesExpectedStatus" />
    </UnitTest>
    <UnitTest name="FinancialAccounting.IntegrationTests.ReportsTests.TrialBalance_Admin_ReturnsOk" storage="c:\users\asus\documents\github\school\financial-accounting\tests\financialaccounting.integrationtests\bin\debug\net8.0\financialaccounting.integrationtests.dll" id="266352ae-e05f-2dee-99f2-d9a6c24a9daf">
      <Execution id="b5fd95b1-77cf-4c49-b0ef-da16cea900f6" />
      <TestMethod codeBase="C:\Users\Asus\Documents\GitHub\school\financial-accounting\tests\FinancialAccounting.IntegrationTests\bin\Debug\net8.0\FinancialAccounting.IntegrationTests.dll" adapterTypeName="executor://xunit/VsTestRunner2/netcoreapp" className="FinancialAccounting.IntegrationTests.ReportsTests" name="TrialBalance_Admin_ReturnsOk" />
    </UnitTest>
    <UnitTest name="FinancialAccounting.IntegrationTests.RbacMatrixTests.EndpointRoleMatrix_MatchesExpectedStatus(endpointKey: &quot;POST /users&quot;, role: &quot;Anonymous&quot;)" storage="c:\users\asus\documents\github\school\financial-accounting\tests\financialaccounting.integrationtests\bin\debug\net8.0\financialaccounting.integrationtests.dll" id="892554c2-9461-9d83-352d-eaa89c2f3010">
      <Execution id="bf957342-f1de-47b2-9810-b91c1c43d929" />
      <TestMethod codeBase="C:\Users\Asus\Documents\GitHub\school\financial-accounting\tests\FinancialAccounting.IntegrationTests\bin\Debug\net8.0\FinancialAccounting.IntegrationTests.dll" adapterTypeName="executor://xunit/VsTestRunner2/netcoreapp" className="FinancialAccounting.IntegrationTests.RbacMatrixTests" name="EndpointRoleMatrix_MatchesExpectedStatus" />
    </UnitTest>
    <UnitTest name="FinancialAccounting.IntegrationTests.RbacMatrixTests.EndpointRoleMatrix_MatchesExpectedStatus(endpointKey: &quot;GET /reports/trial-balance&quot;, role: &quot;Admin&quot;)" storage="c:\users\asus\documents\github\school\financial-accounting\tests\financialaccounting.integrationtests\bin\debug\net8.0\financialaccounting.integrationtests.dll" id="4c8ed825-8938-db86-2de8-738b0c2db4f1">
      <Execution id="355b28b0-fd1f-42ed-ac9f-a5b40aa8db3e" />
      <TestMethod codeBase="C:\Users\Asus\Documents\GitHub\school\financial-accounting\tests\FinancialAccounting.IntegrationTests\bin\Debug\net8.0\FinancialAccounting.IntegrationTests.dll" adapterTypeName="executor://xunit/VsTestRunner2/netcoreapp" className="FinancialAccounting.IntegrationTests.RbacMatrixTests" name="EndpointRoleMatrix_MatchesExpectedStatus" />
    </UnitTest>
    <UnitTest name="FinancialAccounting.IntegrationTests.RbacMatrixTests.EndpointRoleMatrix_MatchesExpectedStatus(endpointKey: &quot;POST /accounts&quot;, role: &quot;User&quot;)" storage="c:\users\asus\documents\github\school\financial-accounting\tests\financialaccounting.integrationtests\bin\debug\net8.0\financialaccounting.integrationtests.dll" id="97476a96-3934-fb4e-9afd-1b0e836624ad">
      <Execution id="cb79e00b-bbf9-4fc1-b0f9-93bad307b695" />
      <TestMethod codeBase="C:\Users\Asus\Documents\GitHub\school\financial-accounting\tests\FinancialAccounting.IntegrationTests\bin\Debug\net8.0\FinancialAccounting.IntegrationTests.dll" adapterTypeName="executor://xunit/VsTestRunner2/netcoreapp" className="FinancialAccounting.IntegrationTests.RbacMatrixTests" name="EndpointRoleMatrix_MatchesExpectedStatus" />
    </UnitTest>
    <UnitTest name="FinancialAccounting.IntegrationTests.RbacMatrixTests.EndpointRoleMatrix_MatchesExpectedStatus(endpointKey: &quot;GET /periods&quot;, role: &quot;User&quot;)" storage="c:\users\asus\documents\github\school\financial-accounting\tests\financialaccounting.integrationtests\bin\debug\net8.0\financialaccounting.integrationtests.dll" id="744fa7ab-801a-e6f0-89c3-35f365e903f2">
      <Execution id="1c00ae57-3c4d-40b5-bc2d-b9ba51f3e1f7" />
      <TestMethod codeBase="C:\Users\Asus\Documents\GitHub\school\financial-accounting\tests\FinancialAccounting.IntegrationTests\bin\Debug\net8.0\FinancialAccounting.IntegrationTests.dll" adapterTypeName="executor://xunit/VsTestRunner2/netcoreapp" className="FinancialAccounting.IntegrationTests.RbacMatrixTests" name="EndpointRoleMatrix_MatchesExpectedStatus" />
    </UnitTest>
    <UnitTest name="FinancialAccounting.IntegrationTests.RbacMatrixTests.EndpointRoleMatrix_MatchesExpectedStatus(endpointKey: &quot;POST /journal-entries/{id}/reverse&quot;, role: &quot;User&quot;)" storage="c:\users\asus\documents\github\school\financial-accounting\tests\financialaccounting.integrationtests\bin\debug\net8.0\financialaccounting.integrationtests.dll" id="356589ef-19be-4362-c32c-8415e314bf36">
      <Execution id="0ee9a636-fb04-4b79-b29d-c5d5398a8353" />
      <TestMethod codeBase="C:\Users\Asus\Documents\GitHub\school\financial-accounting\tests\FinancialAccounting.IntegrationTests\bin\Debug\net8.0\FinancialAccounting.IntegrationTests.dll" adapterTypeName="executor://xunit/VsTestRunner2/netcoreapp" className="FinancialAccounting.IntegrationTests.RbacMatrixTests" name="EndpointRoleMatrix_MatchesExpectedStatus" />
    </UnitTest>
    <UnitTest name="FinancialAccounting.IntegrationTests.AccountsTests.CreateAccount_NonAdmin_Forbidden" storage="c:\users\asus\documents\github\school\financial-accounting\tests\financialaccounting.integrationtests\bin\debug\net8.0\financialaccounting.integrationtests.dll" id="f344a3ac-5b2d-cb92-3a16-2b8959d99c0f">
      <Execution id="379878fd-a316-4ca6-8a30-7db8c677c58f" />
      <TestMethod codeBase="C:\Users\Asus\Documents\GitHub\school\financial-accounting\tests\FinancialAccounting.IntegrationTests\bin\Debug\net8.0\FinancialAccounting.IntegrationTests.dll" adapterTypeName="executor://xunit/VsTestRunner2/netcoreapp" className="FinancialAccounting.IntegrationTests.AccountsTests" name="CreateAccount_NonAdmin_Forbidden" />
    </UnitTest>
    <UnitTest name="FinancialAccounting.IntegrationTests.ReportsTests.Ledger_InvalidAccount_ReturnsBadRequest" storage="c:\users\asus\documents\github\school\financial-accounting\tests\financialaccounting.integrationtests\bin\debug\net8.0\financialaccounting.integrationtests.dll" id="9c54ced5-1b7b-4cd1-5c3b-df99f31bafc8">
      <Execution id="3d58a07d-99c8-4b3f-a258-466cfe1b4798" />
      <TestMethod codeBase="C:\Users\Asus\Documents\GitHub\school\financial-accounting\tests\FinancialAccounting.IntegrationTests\bin\Debug\net8.0\FinancialAccounting.IntegrationTests.dll" adapterTypeName="executor://xunit/VsTestRunner2/netcoreapp" className="FinancialAccounting.IntegrationTests.ReportsTests" name="Ledger_InvalidAccount_ReturnsBadRequest" />
    </UnitTest>
    <UnitTest name="FinancialAccounting.IntegrationTests.RbacMatrixTests.EndpointRoleMatrix_MatchesExpectedStatus(endpointKey: &quot;POST /journal-entries/bulk&quot;, role: &quot;Admin&quot;)" storage="c:\users\asus\documents\github\school\financial-accounting\tests\financialaccounting.integrationtests\bin\debug\net8.0\financialaccounting.integrationtests.dll" id="934e0143-cf1c-7186-bd7d-b569b205da7a">
      <Execution id="b8a06914-4e0e-4e85-baef-8294610fb72f" />
      <TestMethod codeBase="C:\Users\Asus\Documents\GitHub\school\financial-accounting\tests\FinancialAccounting.IntegrationTests\bin\Debug\net8.0\FinancialAccounting.IntegrationTests.dll" adapterTypeName="executor://xunit/VsTestRunner2/netcoreapp" className="FinancialAccounting.IntegrationTests.RbacMatrixTests" name="EndpointRoleMatrix_MatchesExpectedStatus" />
    </UnitTest>
    <UnitTest name="FinancialAccounting.IntegrationTests.RbacMatrixTests.EndpointRoleMatrix_MatchesExpectedStatus(endpointKey: &quot;DELETE /journal-entries/{id}&quot;, role: &quot;User&quot;)" storage="c:\users\asus\documents\github\school\financial-accounting\tests\financialaccounting.integrationtests\bin\debug\net8.0\financialaccounting.integrationtests.dll" id="d05ec8a8-f79c-6597-a782-1eb0bb15b059">
      <Execution id="27a56093-187b-4c95-b626-aac4e6cce7d5" />
      <TestMethod codeBase="C:\Users\Asus\Documents\GitHub\school\financial-accounting\tests\FinancialAccounting.IntegrationTests\bin\Debug\net8.0\FinancialAccounting.IntegrationTests.dll" adapterTypeName="executor://xunit/VsTestRunner2/netcoreapp" className="FinancialAccounting.IntegrationTests.RbacMatrixTests" name="EndpointRoleMatrix_MatchesExpectedStatus" />
    </UnitTest>
    <UnitTest name="FinancialAccounting.IntegrationTests.RbacMatrixTests.EndpointRoleMatrix_MatchesExpectedStatus(endpointKey: &quot;POST /journal-entries/{id}/reverse&quot;, role: &quot;Auditor&quot;)" storage="c:\users\asus\documents\github\school\financial-accounting\tests\financialaccounting.integrationtests\bin\debug\net8.0\financialaccounting.integrationtests.dll" id="fed61d5e-1e0f-0e16-91c8-9fada23ed418">
      <Execution id="7b6e700b-761b-4fcd-b84e-44eb603dfd36" />
      <TestMethod codeBase="C:\Users\Asus\Documents\GitHub\school\financial-accounting\tests\FinancialAccounting.IntegrationTests\bin\Debug\net8.0\FinancialAccounting.IntegrationTests.dll" adapterTypeName="executor://xunit/VsTestRunner2/netcoreapp" className="FinancialAccounting.IntegrationTests.RbacMatrixTests" name="EndpointRoleMatrix_MatchesExpectedStatus" />
    </UnitTest>
    <UnitTest name="FinancialAccounting.IntegrationTests.RbacMatrixTests.EndpointRoleMatrix_MatchesExpectedStatus(endpointKey: &quot;GET /users/me&quot;, role: &quot;Auditor&quot;)" storage="c:\users\asus\documents\github\school\financial-accounting\tests\financialaccounting.integrationtests\bin\debug\net8.0\financialaccounting.integrationtests.dll" id="b4dbf64b-3310-3ba7-d896-32c343dad7be">
      <Execution id="6aafa1a0-e147-4ab8-a2ea-2d7c4383fc50" />
      <TestMethod codeBase="C:\Users\Asus\Documents\GitHub\school\financial-accounting\tests\FinancialAccounting.IntegrationTests\bin\Debug\net8.0\FinancialAccounting.IntegrationTests.dll" adapterTypeName="executor://xunit/VsTestRunner2/netcoreapp" className="FinancialAccounting.IntegrationTests.RbacMatrixTests" name="EndpointRoleMatrix_MatchesExpectedStatus" />
    </UnitTest>
    <UnitTest name="FinancialAccounting.IntegrationTests.RbacMatrixTests.EndpointRoleMatrix_MatchesExpectedStatus(endpointKey: &quot;POST /journal-entries/{id}/reverse&quot;, role: &quot;FinanceManager&quot;)" storage="c:\users\asus\documents\github\school\financial-accounting\tests\financialaccounting.integrationtests\bin\debug\net8.0\financialaccounting.integrationtests.dll" id="611e1f04-ee4f-4898-68d9-2076653e8c37">
      <Execution id="aa2ea72c-37c9-4dd9-a706-63473d2cff42" />
      <TestMethod codeBase="C:\Users\Asus\Documents\GitHub\school\financial-accounting\tests\FinancialAccounting.IntegrationTests\bin\Debug\net8.0\FinancialAccounting.IntegrationTests.dll" adapterTypeName="executor://xunit/VsTestRunner2/netcoreapp" className="FinancialAccounting.IntegrationTests.RbacMatrixTests" name="EndpointRoleMatrix_MatchesExpectedStatus" />
    </UnitTest>
    <UnitTest name="FinancialAccounting.IntegrationTests.RbacMatrixTests.EndpointRoleMatrix_MatchesExpectedStatus(endpointKey: &quot;GET /users/me&quot;, role: &quot;Admin&quot;)" storage="c:\users\asus\documents\github\school\financial-accounting\tests\financialaccounting.integrationtests\bin\debug\net8.0\financialaccounting.integrationtests.dll" id="7b7f459c-7ed5-0c29-a882-8b12579ef43a">
      <Execution id="fc7756e0-0f7b-461b-9566-c9ec60d37dbd" />
      <TestMethod codeBase="C:\Users\Asus\Documents\GitHub\school\financial-accounting\tests\FinancialAccounting.IntegrationTests\bin\Debug\net8.0\FinancialAccounting.IntegrationTests.dll" adapterTypeName="executor://xunit/VsTestRunner2/netcoreapp" className="FinancialAccounting.IntegrationTests.RbacMatrixTests" name="EndpointRoleMatrix_MatchesExpectedStatus" />
    </UnitTest>
    <UnitTest name="FinancialAccounting.IntegrationTests.RbacMatrixTests.EndpointRoleMatrix_MatchesExpectedStatus(endpointKey: &quot;POST /users&quot;, role: &quot;User&quot;)" storage="c:\users\asus\documents\github\school\financial-accounting\tests\financialaccounting.integrationtests\bin\debug\net8.0\financialaccounting.integrationtests.dll" id="7d766e98-0359-9b5d-a696-152f31735126">
      <Execution id="ad523f9f-4929-491c-bbc5-dba4a88e16cf" />
      <TestMethod codeBase="C:\Users\Asus\Documents\GitHub\school\financial-accounting\tests\FinancialAccounting.IntegrationTests\bin\Debug\net8.0\FinancialAccounting.IntegrationTests.dll" adapterTypeName="executor://xunit/VsTestRunner2/netcoreapp" className="FinancialAccounting.IntegrationTests.RbacMatrixTests" name="EndpointRoleMatrix_MatchesExpectedStatus" />
    </UnitTest>
    <UnitTest name="FinancialAccounting.IntegrationTests.RbacMatrixTests.EndpointRoleMatrix_MatchesExpectedStatus(endpointKey: &quot;DELETE /journal-entries/{id}&quot;, role: &quot;Admin&quot;)" storage="c:\users\asus\documents\github\school\financial-accounting\tests\financialaccounting.integrationtests\bin\debug\net8.0\financialaccounting.integrationtests.dll" id="c7aaec24-e940-cf44-548c-a650c4d137a8">
      <Execution id="af6d8a88-4cd0-473a-a19c-56c1ddb359fe" />
      <TestMethod codeBase="C:\Users\Asus\Documents\GitHub\school\financial-accounting\tests\FinancialAccounting.IntegrationTests\bin\Debug\net8.0\FinancialAccounting.IntegrationTests.dll" adapterTypeName="executor://xunit/VsTestRunner2/netcoreapp" className="FinancialAccounting.IntegrationTests.RbacMatrixTests" name="EndpointRoleMatrix_MatchesExpectedStatus" />
    </UnitTest>
    <UnitTest name="FinancialAccounting.IntegrationTests.AccountsTests.GetAccounts_WithAuth_ReturnsOk" storage="c:\users\asus\documents\github\school\financial-accounting\tests\financialaccounting.integrationtests\bin\debug\net8.0\financialaccounting.integrationtests.dll" id="f19f111c-a86b-d8b7-d62f-c13815d1798e">
      <Execution id="e2258885-6a7a-46a7-a0c3-1516284f5d0c" />
      <TestMethod codeBase="C:\Users\Asus\Documents\GitHub\school\financial-accounting\tests\FinancialAccounting.IntegrationTests\bin\Debug\net8.0\FinancialAccounting.IntegrationTests.dll" adapterTypeName="executor://xunit/VsTestRunner2/netcoreapp" className="FinancialAccounting.IntegrationTests.AccountsTests" name="GetAccounts_WithAuth_ReturnsOk" />
    </UnitTest>
    <UnitTest name="FinancialAccounting.IntegrationTests.HealthTests.LiveHealth_ReturnsOk" storage="c:\users\asus\documents\github\school\financial-accounting\tests\financialaccounting.integrationtests\bin\debug\net8.0\financialaccounting.integrationtests.dll" id="968478e2-beb0-c59c-8d31-211dd76f8348">
      <Execution id="9792936a-36f8-4ff5-be31-38809d146d9a" />
      <TestMethod codeBase="C:\Users\Asus\Documents\GitHub\school\financial-accounting\tests\FinancialAccounting.IntegrationTests\bin\Debug\net8.0\FinancialAccounting.IntegrationTests.dll" adapterTypeName="executor://xunit/VsTestRunner2/netcoreapp" className="FinancialAccounting.IntegrationTests.HealthTests" name="LiveHealth_ReturnsOk" />
    </UnitTest>
    <UnitTest name="FinancialAccounting.IntegrationTests.RbacMatrixTests.EndpointRoleMatrix_MatchesExpectedStatus(endpointKey: &quot;POST /periods&quot;, role: &quot;FinanceManager&quot;)" storage="c:\users\asus\documents\github\school\financial-accounting\tests\financialaccounting.integrationtests\bin\debug\net8.0\financialaccounting.integrationtests.dll" id="49bcd21c-ed6d-76a5-9342-7b8bcdfa84c6">
      <Execution id="821551e2-d0a4-4a9e-90f6-36aabac7dee3" />
      <TestMethod codeBase="C:\Users\Asus\Documents\GitHub\school\financial-accounting\tests\FinancialAccounting.IntegrationTests\bin\Debug\net8.0\FinancialAccounting.IntegrationTests.dll" adapterTypeName="executor://xunit/VsTestRunner2/netcoreapp" className="FinancialAccounting.IntegrationTests.RbacMatrixTests" name="EndpointRoleMatrix_MatchesExpectedStatus" />
    </UnitTest>
    <UnitTest name="FinancialAccounting.IntegrationTests.HealthTests.ReadyHealth_ReturnsOk" storage="c:\users\asus\documents\github\school\financial-accounting\tests\financialaccounting.integrationtests\bin\debug\net8.0\financialaccounting.integrationtests.dll" id="e9c5c773-f91a-864a-73ca-1ed0942d2685">
      <Execution id="b0ebb4c6-bbce-4a99-93a8-68070e3ea0e2" />
      <TestMethod codeBase="C:\Users\Asus\Documents\GitHub\school\financial-accounting\tests\FinancialAccounting.IntegrationTests\bin\Debug\net8.0\FinancialAccounting.IntegrationTests.dll" adapterTypeName="executor://xunit/VsTestRunner2/netcoreapp" className="FinancialAccounting.IntegrationTests.HealthTests" name="ReadyHealth_ReturnsOk" />
    </UnitTest>
    <UnitTest name="FinancialAccounting.IntegrationTests.RbacMatrixTests.EndpointRoleMatrix_MatchesExpectedStatus(endpointKey: &quot;POST /journal-entries/bulk&quot;, role: &quot;FinanceManager&quot;)" storage="c:\users\asus\documents\github\school\financial-accounting\tests\financialaccounting.integrationtests\bin\debug\net8.0\financialaccounting.integrationtests.dll" id="798fb684-0686-a307-304e-a70ad9fe6944">
      <Execution id="f7c87552-d6b8-4865-ab15-b672cdd5de7f" />
      <TestMethod codeBase="C:\Users\Asus\Documents\GitHub\school\financial-accounting\tests\FinancialAccounting.IntegrationTests\bin\Debug\net8.0\FinancialAccounting.IntegrationTests.dll" adapterTypeName="executor://xunit/VsTestRunner2/netcoreapp" className="FinancialAccounting.IntegrationTests.RbacMatrixTests" name="EndpointRoleMatrix_MatchesExpectedStatus" />
    </UnitTest>
    <UnitTest name="FinancialAccounting.IntegrationTests.RbacMatrixTests.EndpointRoleMatrix_MatchesExpectedStatus(endpointKey: &quot;POST /journal-entries/{id}/reverse&quot;, role: &quot;Admin&quot;)" storage="c:\users\asus\documents\github\school\financial-accounting\tests\financialaccounting.integrationtests\bin\debug\net8.0\financialaccounting.integrationtests.dll" id="69d5eda2-f57e-ffbe-fc5c-7f2390d90e6d">
      <Execution id="58207246-a084-420a-8310-39b5c449ef66" />
      <TestMethod codeBase="C:\Users\Asus\Documents\GitHub\school\financial-accounting\tests\FinancialAccounting.IntegrationTests\bin\Debug\net8.0\FinancialAccounting.IntegrationTests.dll" adapterTypeName="executor://xunit/VsTestRunner2/netcoreapp" className="FinancialAccounting.IntegrationTests.RbacMatrixTests" name="EndpointRoleMatrix_MatchesExpectedStatus" />
    </UnitTest>
    <UnitTest name="FinancialAccounting.IntegrationTests.RbacMatrixTests.EndpointRoleMatrix_MatchesExpectedStatus(endpointKey: &quot;POST /journal-entries/{id}/post&quot;, role: &quot;Anonymous&quot;)" storage="c:\users\asus\documents\github\school\financial-accounting\tests\financialaccounting.integrationtests\bin\debug\net8.0\financialaccounting.integrationtests.dll" id="3e0cad9e-ff70-1181-5693-c578212db2a1">
      <Execution id="311ed007-a4e5-47e9-856f-4c9db69d62c1" />
      <TestMethod codeBase="C:\Users\Asus\Documents\GitHub\school\financial-accounting\tests\FinancialAccounting.IntegrationTests\bin\Debug\net8.0\FinancialAccounting.IntegrationTests.dll" adapterTypeName="executor://xunit/VsTestRunner2/netcoreapp" className="FinancialAccounting.IntegrationTests.RbacMatrixTests" name="EndpointRoleMatrix_MatchesExpectedStatus" />
    </UnitTest>
    <UnitTest name="FinancialAccounting.IntegrationTests.RbacMatrixTests.EndpointRoleMatrix_MatchesExpectedStatus(endpointKey: &quot;GET /audit-logs&quot;, role: &quot;Anonymous&quot;)" storage="c:\users\asus\documents\github\school\financial-accounting\tests\financialaccounting.integrationtests\bin\debug\net8.0\financialaccounting.integrationtests.dll" id="74900d64-a499-cc77-e9a2-2538c082c7c3">
      <Execution id="243c29dc-d379-470f-91e0-e3dd71953afc" />
      <TestMethod codeBase="C:\Users\Asus\Documents\GitHub\school\financial-accounting\tests\FinancialAccounting.IntegrationTests\bin\Debug\net8.0\FinancialAccounting.IntegrationTests.dll" adapterTypeName="executor://xunit/VsTestRunner2/netcoreapp" className="FinancialAccounting.IntegrationTests.RbacMatrixTests" name="EndpointRoleMatrix_MatchesExpectedStatus" />
    </UnitTest>
    <UnitTest name="FinancialAccounting.IntegrationTests.RbacMatrixTests.EndpointRoleMatrix_MatchesExpectedStatus(endpointKey: &quot;POST /periods/{id}/close&quot;, role: &quot;FinanceManager&quot;)" storage="c:\users\asus\documents\github\school\financial-accounting\tests\financialaccounting.integrationtests\bin\debug\net8.0\financialaccounting.integrationtests.dll" id="94275d03-6366-66fe-0c7e-27eaf380ec0b">
      <Execution id="b3653688-13f2-4dc0-9677-582cc5ccb935" />
      <TestMethod codeBase="C:\Users\Asus\Documents\GitHub\school\financial-accounting\tests\FinancialAccounting.IntegrationTests\bin\Debug\net8.0\FinancialAccounting.IntegrationTests.dll" adapterTypeName="executor://xunit/VsTestRunner2/netcoreapp" className="FinancialAccounting.IntegrationTests.RbacMatrixTests" name="EndpointRoleMatrix_MatchesExpectedStatus" />
    </UnitTest>
    <UnitTest name="FinancialAccounting.IntegrationTests.RbacMatrixTests.EndpointRoleMatrix_MatchesExpectedStatus(endpointKey: &quot;POST /periods/{id}/close&quot;, role: &quot;Anonymous&quot;)" storage="c:\users\asus\documents\github\school\financial-accounting\tests\financialaccounting.integrationtests\bin\debug\net8.0\financialaccounting.integrationtests.dll" id="7c3f2aef-a84e-bc14-9df1-08c926f39d17">
      <Execution id="426b0ef7-5e0d-4cdd-9213-a4c1817866d6" />
      <TestMethod codeBase="C:\Users\Asus\Documents\GitHub\school\financial-accounting\tests\FinancialAccounting.IntegrationTests\bin\Debug\net8.0\FinancialAccounting.IntegrationTests.dll" adapterTypeName="executor://xunit/VsTestRunner2/netcoreapp" className="FinancialAccounting.IntegrationTests.RbacMatrixTests" name="EndpointRoleMatrix_MatchesExpectedStatus" />
    </UnitTest>
[...]
      INSERT INTO "JournalEntries" ("CreatedAt", "CreatedByUserId", "Description", "EntryDate", "PostedAt", "ReferenceNo", "ReversedAt", "Status")&#xD;
      VALUES (@p0, @p1, @p2, @p3, @p4, @p5, @p6, @p7)&#xD;
      RETURNING "JournalEntryId";&#xD;
info: Microsoft.EntityFrameworkCore.Database.Command[20101]&#xD;
      Executed DbCommand (0ms) [Parameters=[@p0='?' (DbType = DateTime), @p1='?' (DbType = Guid), @p2='?' (Size = 12), @p3='?' (DbType = DateTime), @p4='?' (DbType = DateTime), @p5='?' (Size = 17), @p6='?' (DbType = DateTime), @p7='?' (Size = 5)], CommandType='Text', CommandTimeout='30']&#xD;
      INSERT INTO "JournalEntries" ("CreatedAt", "CreatedByUserId", "Description", "EntryDate", "PostedAt", "ReferenceNo", "ReversedAt", "Status")&#xD;
      VALUES (@p0, @p1, @p2, @p3, @p4, @p5, @p6, @p7)&#xD;
      RETURNING "JournalEntryId";&#xD;
info: Microsoft.EntityFrameworkCore.Database.Command[20101]&#xD;
      Executed DbCommand (0ms) [Parameters=[@p0='?' (DbType = DateTime), @p1='?' (DbType = Guid), @p2='?' (Size = 19), @p3='?' (DbType = DateTime), @p4='?' (DbType = DateTime), @p5='?' (Size = 24), @p6='?' (DbType = DateTime), @p7='?' (Size = 6)], CommandType='Text', CommandTimeout='30']&#xD;
      INSERT INTO "JournalEntries" ("CreatedAt", "CreatedByUserId", "Description", "EntryDate", "PostedAt", "ReferenceNo", "ReversedAt", "Status")&#xD;
      VALUES (@p0, @p1, @p2, @p3, @p4, @p5, @p6, @p7)&#xD;
      RETURNING "JournalEntryId";&#xD;
info: Microsoft.EntityFrameworkCore.Database.Command[20101]&#xD;
      Executed DbCommand (0ms) [Parameters=[@p0='?' (DbType = DateTime), @p1='?' (DbType = Guid), @p2='?' (Size = 21), @p3='?' (DbType = DateTime), @p4='?' (DbType = DateTime), @p5='?' (Size = 21), @p6='?' (DbType = DateTime), @p7='?' (Size = 6)], CommandType='Text', CommandTimeout='30']&#xD;
      INSERT INTO "JournalEntries" ("CreatedAt", "CreatedByUserId", "Description", "EntryDate", "PostedAt", "ReferenceNo", "ReversedAt", "Status")&#xD;
      VALUES (@p0, @p1, @p2, @p3, @p4, @p5, @p6, @p7)&#xD;
      RETURNING "JournalEntryId";&#xD;
info: Microsoft.EntityFrameworkCore.Database.Command[20101]&#xD;
      Executed DbCommand (0ms) [Parameters=[@p8='?' (DbType = Int32), @p9='?' (DbType = Decimal), @p10='?' (DbType = Decimal), @p11='?' (DbType = Int64), @p12='?' (Size = 10)], CommandType='Text', CommandTimeout='30']&#xD;
      INSERT INTO "JournalEntryLines" ("AccountId", "Credit", "Debit", "JournalEntryId", "LineDescription")&#xD;
      VALUES (@p8, @p9, @p10, @p11, @p12)&#xD;
      RETURNING "JournalEntryLineId";&#xD;
info: Microsoft.EntityFrameworkCore.Database.Command[20101]&#xD;
      Executed DbCommand (0ms) [Parameters=[@p0='?' (DbType = Int32), @p1='?' (DbType = Decimal), @p2='?' (DbType = Decimal), @p3='?' (DbType = Int64), @p4='?' (Size = 14)], CommandType='Text', CommandTimeout='30']&#xD;
      INSERT INTO "JournalEntryLines" ("AccountId", "Credit", "Debit", "JournalEntryId", "LineDescription")&#xD;
      VALUES (@p0, @p1, @p2, @p3, @p4)&#xD;
      RETURNING "JournalEntryLineId";&#xD;
info: Microsoft.EntityFrameworkCore.Database.Command[20101]&#xD;
      Executed DbCommand (0ms) [Parameters=[@p0='?' (DbType = Int32), @p1='?' (DbType = Decimal), @p2='?' (DbType = Decimal), @p3='?' (DbType = Int64), @p4='?' (Size = 10)], CommandType='Text', CommandTimeout='30']&#xD;
      INSERT INTO "JournalEntryLines" ("AccountId", "Credit", "Debit", "JournalEntryId", "LineDescription")&#xD;
      VALUES (@p0, @p1, @p2, @p3, @p4)&#xD;
      RETURNING "JournalEntryLineId";&#xD;
info: Microsoft.EntityFrameworkCore.Database.Command[20101]&#xD;
      Executed DbCommand (0ms) [Parameters=[@p0='?' (DbType = Int32), @p1='?' (DbType = Decimal), @p2='?' (DbType = Decimal), @p3='?' (DbType = Int64), @p4='?' (Size = 14)], CommandType='Text', CommandTimeout='30']&#xD;
      INSERT INTO "JournalEntryLines" ("AccountId", "Credit", "Debit", "JournalEntryId", "LineDescription")&#xD;
      VALUES (@p0, @p1, @p2, @p3, @p4)&#xD;
      RETURNING "JournalEntryLineId";&#xD;
info: Microsoft.EntityFrameworkCore.Database.Command[20101]&#xD;
      Executed DbCommand (0ms) [Parameters=[@p0='?' (DbType = Int32), @p1='?' (DbType = Decimal), @p2='?' (DbType = Decimal), @p3='?' (DbType = Int64), @p4='?' (Size = 10)], CommandType='Text', CommandTimeout='30']&#xD;
      INSERT INTO "JournalEntryLines" ("AccountId", "Credit", "Debit", "JournalEntryId", "LineDescription")&#xD;
      VALUES (@p0, @p1, @p2, @p3, @p4)&#xD;
      RETURNING "JournalEntryLineId";&#xD;
info: Microsoft.EntityFrameworkCore.Database.Command[20101]&#xD;
      Executed DbCommand (0ms) [Parameters=[@p0='?' (DbType = Int32), @p1='?' (DbType = Decimal), @p2='?' (DbType = Decimal), @p3='?' (DbType = Int64), @p4='?' (Size = 14)], CommandType='Text', CommandTimeout='30']&#xD;
      INSERT INTO "JournalEntryLines" ("AccountId", "Credit", "Debit", "JournalEntryId", "LineDescription")&#xD;
      VALUES (@p0, @p1, @p2, @p3, @p4)&#xD;
      RETURNING "JournalEntryLineId";&#xD;
info: Microsoft.EntityFrameworkCore.Database.Command[20101]&#xD;
      Executed DbCommand (0ms) [Parameters=[@p0='?' (DbType = Int32), @p1='?' (DbType = Decimal), @p2='?' (DbType = Decimal), @p3='?' (DbType = Int64), @p4='?' (Size = 10)], CommandType='Text', CommandTimeout='30']&#xD;
      INSERT INTO "JournalEntryLines" ("AccountId", "Credit", "Debit", "JournalEntryId", "LineDescription")&#xD;
      VALUES (@p0, @p1, @p2, @p3, @p4)&#xD;
      RETURNING "JournalEntryLineId";&#xD;
info: Microsoft.EntityFrameworkCore.Database.Command[20101]&#xD;
      Executed DbCommand (0ms) [Parameters=[@p0='?' (DbType = Int32), @p1='?' (DbType = Decimal), @p2='?' (DbType = Decimal), @p3='?' (DbType = Int64), @p4='?' (Size = 14)], CommandType='Text', CommandTimeout='30']&#xD;
      INSERT INTO "JournalEntryLines" ("AccountId", "Credit", "Debit", "JournalEntryId", "LineDescription")&#xD;
      VALUES (@p0, @p1, @p2, @p3, @p4)&#xD;
      RETURNING "JournalEntryLineId";&#xD;
info: Microsoft.EntityFrameworkCore.Database.Command[20101]&#xD;
      Executed DbCommand (0ms) [Parameters=[@p0='?' (DbType = Int32), @p1='?' (DbType = Decimal), @p2='?' (DbType = Decimal), @p3='?' (DbType = Int64), @p4='?' (Size = 10)], CommandType='Text', CommandTimeout='30']&#xD;
      INSERT INTO "JournalEntryLines" ("AccountId", "Credit", "Debit", "JournalEntryId", "LineDescription")&#xD;
      VALUES (@p0, @p1, @p2, @p3, @p4)&#xD;
      RETURNING "JournalEntryLineId";&#xD;
info: Microsoft.EntityFrameworkCore.Database.Command[20101]&#xD;
      Executed DbCommand (0ms) [Parameters=[@p0='?' (DbType = Int32), @p1='?' (DbType = Decimal), @p2='?' (DbType = Decimal), @p3='?' (DbType = Int64), @p4='?' (Size = 14)], CommandType='Text', CommandTimeout='30']&#xD;
      INSERT INTO "JournalEntryLines" ("AccountId", "Credit", "Debit", "JournalEntryId", "LineDescription")&#xD;
      VALUES (@p0, @p1, @p2, @p3, @p4)&#xD;
      RETURNING "JournalEntryLineId";&#xD;
info: Microsoft.EntityFrameworkCore.Database.Command[20101]&#xD;
      Executed DbCommand (0ms) [Parameters=[], CommandType='Text', CommandTimeout='30']&#xD;
      SELECT "r"."RoleName"&#xD;
      FROM "Roles" AS "r"&#xD;
warn: Microsoft.AspNetCore.HttpsPolicy.HttpsRedirectionMiddleware[3]&#xD;
      Failed to determine the https port for redirect.&#xD;
info: Microsoft.EntityFrameworkCore.Database.Command[20101]&#xD;
      Executed DbCommand (0ms) [Parameters=[@__username_0='?' (Size = 5)], CommandType='Text', CommandTimeout='30']&#xD;
      SELECT "u"."UserId", "u"."ActiveFlag", "u"."CreatedAt", "u"."CreatedBy", "u"."DisplayName", "u"."Email", "u"."FullName", "u"."IsActive", "u"."LastAcvite", "u"."PasswordHash", "u"."PasswordSalt", "u"."PhoneNumber", "u"."ProfileUrl", "u"."RoleId", "u"."UpdatedAt", "u"."UpdatedBy", "u"."Username"&#xD;
      FROM "Users" AS "u"&#xD;
      WHERE "u"."IsActive" AND "u"."ActiveFlag" AND ("u"."Username" = @__username_0 OR "u"."Email" = @__username_0)&#xD;
      LIMIT 1&#xD;
info: Microsoft.EntityFrameworkCore.Database.Command[20101]&#xD;
      Executed DbCommand (0ms) [Parameters=[@__userId_0='?' (DbType = Guid)], CommandType='Text', CommandTimeout='30']&#xD;
      SELECT DISTINCT "r"."RoleName"&#xD;
      FROM "UserRoles" AS "u"&#xD;
      INNER JOIN "Roles" AS "r" ON "u"."RoleId" = "r"."RoleId"&#xD;
      WHERE "u"."UserId" = @__userId_0&#xD;
info: Microsoft.EntityFrameworkCore.Database.Command[20101]&#xD;
      Executed DbCommand (0ms) [Parameters=[@p0='?' (Size = 5), @p1='?' (Size = 50), @p2='?' (Size = 36), @p3='?' (Size = 5), @p4='?', @p5='?' (DbType = DateTime), @p6='?' (DbType = Guid)], CommandType='Text', CommandTimeout='30']&#xD;
      INSERT INTO "AuditLogs" ("Action", "DetailsJson", "EntityId", "EntityName", "IpAddress", "Timestamp", "UserId")&#xD;
      VALUES (@p0, @p1, @p2, @p3, @p4, @p5, @p6)&#xD;
      RETURNING "AuditLogId";&#xD;
info: Microsoft.EntityFrameworkCore.Database.Command[20101]&#xD;
      Executed DbCommand (0ms) [Parameters=[@__periodId_0='?' (DbType = Int32)], CommandType='Text', CommandTimeout='30']&#xD;
      SELECT "a"."PeriodId", "a"."ClosedAt", "a"."ClosedByUserId", "a"."EndDate", "a"."IsClosed", "a"."StartDate"&#xD;
      FROM "AccountingPeriods" AS "a"&#xD;
      WHERE "a"."PeriodId" = @__periodId_0&#xD;
      LIMIT 1&#xD;
info: Microsoft.EntityFrameworkCore.Database.Command[20101]&#xD;
      Executed DbCommand (0ms) [Parameters=[@__startDate_0='?' (DbType = DateTime), @__endDate_1='?' (DbType = DateTime)], CommandType='Text', CommandTimeout='30']&#xD;
      SELECT "c"."AccountId", "c"."AccountCode", "c"."AccountName", "c"."AccountType", COALESCE(SUM(CAST("j0"."Debit" AS REAL)), 0.0) AS "DebitTotal", COALESCE(SUM(CAST("j0"."Credit" AS REAL)), 0.0) AS "CreditTotal"&#xD;
      FROM "JournalEntries" AS "j"&#xD;
      INNER JOIN "JournalEntryLines" AS "j0" ON "j"."JournalEntryId" = "j0"."JournalEntryId"&#xD;
      INNER JOIN "ChartOfAccounts" AS "c" ON "j0"."AccountId" = "c"."AccountId"&#xD;
      WHERE "j"."Status" = 'Posted' AND "j"."EntryDate" &gt;= @__startDate_0 AND "j"."EntryDate" &lt;= @__endDate_1&#xD;
      GROUP BY "c"."AccountId", "c"."AccountCode", "c"."AccountName", "c"."AccountType"&#xD;
      ORDER BY "c"."AccountCode"&#xD;
info: Microsoft.EntityFrameworkCore.Database.Command[20101]&#xD;
      Executed DbCommand (0ms) [Parameters=[@p0='?' (DbType = DateTime), @p1='?' (DbType = Guid), @p2='?' (DbType = Int32), @p3='?' (Size = 12)], CommandType='Text', CommandTimeout='30']&#xD;
      INSERT INTO "Reports" ("GeneratedAt", "GeneratedByUserId", "PeriodId", "ReportType")&#xD;
      VALUES (@p0, @p1, @p2, @p3)&#xD;
      RETURNING "ReportId";&#xD;
info: Microsoft.EntityFrameworkCore.Database.Command[20101]&#xD;
      Executed DbCommand (0ms) [Parameters=[@p4='?' (DbType = Int32), @p5='?' (DbType = Decimal), @p6='?' (DbType = Decimal), @p7='?' (DbType = Decimal), @p8='?' (DbType = Int64)], CommandType='Text', CommandTimeout='30']&#xD;
      INSERT INTO "ReportItems" ("AccountId", "Balance", "CreditTotal", "DebitTotal", "ReportId")&#xD;
      VALUES (@p4, @p5, @p6, @p7, @p8)&#xD;
      RETURNING "ReportItemId";&#xD;
info: Microsoft.EntityFrameworkCore.Database.Command[20101]&#xD;
      Executed DbCommand (0ms) [Parameters=[@p0='?' (DbType = Int32), @p1='?' (DbType = Decimal), @p2='?' (DbType = Decimal), @p3='?' (DbType = Decimal), @p4='?' (DbType = Int64)], CommandType='Text', CommandTimeout='30']&#xD;
      INSERT INTO "ReportItems" ("AccountId", "Balance", "CreditTotal", "DebitTotal", "ReportId")&#xD;
      VALUES (@p0, @p1, @p2, @p3, @p4)&#xD;
      RETURNING "ReportItemId";&#xD;
info: Microsoft.EntityFrameworkCore.Database.Command[20101]&#xD;
      Executed DbCommand (0ms) [Parameters=[@p0='?' (Size = 15), @p1='?' (Size = 57), @p2='?' (Size = 1), @p3='?' (Size = 7), @p4='?', @p5='?' (DbType = DateTime), @p6='?' (DbType = Guid)], CommandType='Text', CommandTimeout='30']&#xD;
      INSERT INTO "AuditLogs" ("Action", "DetailsJson", "EntityId", "EntityName", "IpAddress", "Timestamp", "UserId")&#xD;
      VALUES (@p0, @p1, @p2, @p3, @p4, @p5, @p6)&#xD;
      RETURNING "AuditLogId";&#xD;
info: Microsoft.EntityFrameworkCore.Database.Command[20101]&#xD;
      Executed DbCommand (0ms) [Parameters=[@__username_0='?' (Size = 11)], CommandType='Text', CommandTimeout='30']&#xD;
      SELECT "u"."UserId", "u"."ActiveFlag", "u"."CreatedAt", "u"."CreatedBy", "u"."DisplayName", "u"."Email", "u"."FullName", "u"."IsActive", "u"."LastAcvite", "u"."PasswordHash", "u"."PasswordSalt", "u"."PhoneNumber", "u"."ProfileUrl", "u"."RoleId", "u"."UpdatedAt", "u"."UpdatedBy", "u"."Username"&#xD;
      FROM "Users" AS "u"&#xD;
      WHERE "u"."IsActive" AND "u"."ActiveFlag" AND ("u"."Username" = @__username_0 OR "u"."Email" = @__username_0)&#xD;
      LIMIT 1&#xD;
info: Microsoft.EntityFrameworkCore.Database.Command[20101]&#xD;
      Executed DbCommand (0ms) [Parameters=[@__userId_0='?' (DbType = Guid)], CommandType='Text', CommandTimeout='30']&#xD;
      SELECT DISTINCT "r"."RoleName"&#xD;
      FROM "UserRoles" AS "u"&#xD;
      INNER JOIN "Roles" AS "r" ON "u"."RoleId" = "r"."RoleId"&#xD;
      WHERE "u"."UserId" = @__userId_0&#xD;
info: Microsoft.EntityFrameworkCore.Database.Command[20101]&#xD;
      Executed DbCommand (0ms) [Parameters=[@p0='?' (Size = 5), @p1='?' (Size = 55), @p2='?' (Size = 36), @p3='?' (Size = 5), @p4='?', @p5='?' (DbType = DateTime), @p6='?' (DbType = Guid)], CommandType='Text', CommandTimeout='30']&#xD;
      INSERT INTO "AuditLogs" ("Action", "DetailsJson", "EntityId", "EntityName", "IpAddress", "Timestamp", "UserId")&#xD;
      VALUES (@p0, @p1, @p2, @p3, @p4, @p5, @p6)&#xD;
      RETURNING "AuditLogId";&#xD;
info: Microsoft.EntityFrameworkCore.Database.Command[20101]&#xD;
      Executed DbCommand (0ms) [Parameters=[@__username_0='?' (Size = 12)], CommandType='Text', CommandTimeout='30']&#xD;
      SELECT "u"."UserId", "u"."ActiveFlag", "u"."CreatedAt", "u"."CreatedBy", "u"."DisplayName", "u"."Email", "u"."FullName", "u"."IsActive", "u"."LastAcvite", "u"."PasswordHash", "u"."PasswordSalt", "u"."PhoneNumber", "u"."ProfileUrl", "u"."RoleId", "u"."UpdatedAt", "u"."UpdatedBy", "u"."Username"&#xD;
      FROM "Users" AS "u"&#xD;
      WHERE "u"."IsActive" AND "u"."ActiveFlag" AND ("u"."Username" = @__username_0 OR "u"."Email" = @__username_0)&#xD;
      LIMIT 1&#xD;
info: Microsoft.EntityFrameworkCore.Database.Command[20101]&#xD;
      Executed DbCommand (0ms) [Parameters=[@__userId_0='?' (DbType = Guid)], CommandType='Text', CommandTimeout='30']&#xD;
      SELECT DISTINCT "r"."RoleName"&#xD;
      FROM "UserRoles" AS "u"&#xD;
      INNER JOIN "Roles" AS "r" ON "u"."RoleId" = "r"."RoleId"&#xD;
      WHERE "u"."UserId" = @__userId_0&#xD;
info: Microsoft.EntityFrameworkCore.Database.Command[20101]&#xD;
      Executed DbCommand (0ms) [Parameters=[@p0='?' (Size = 5), @p1='?' (Size = 59), @p2='?' (Size = 36), @p3='?' (Size = 5), @p4='?', @p5='?' (DbType = DateTime), @p6='?' (DbType = Guid)], CommandType='Text', CommandTimeout='30']&#xD;
      INSERT INTO "AuditLogs" ("Action", "DetailsJson", "EntityId", "EntityName", "IpAddress", "Timestamp", "UserId")&#xD;
      VALUES (@p0, @p1, @p2, @p3, @p4, @p5, @p6)&#xD;
      RETURNING "AuditLogId";&#xD;
info: Microsoft.EntityFrameworkCore.Database.Command[20101]&#xD;
      Executed DbCommand (0ms) [Parameters=[@__periodId_0='?' (DbType = Int32)], CommandType='Text', CommandTimeout='30']&#xD;
      SELECT "a"."PeriodId", "a"."ClosedAt", "a"."ClosedByUserId", "a"."EndDate", "a"."IsClosed", "a"."StartDate"&#xD;
      FROM "AccountingPeriods" AS "a"&#xD;
      WHERE "a"."PeriodId" = @__periodId_0&#xD;
      LIMIT 1&#xD;
info: Microsoft.EntityFrameworkCore.Database.Command[20101]&#xD;
      Executed DbCommand (0ms) [Parameters=[@__accountId_0='?' (DbType = Int32)], CommandType='Text', CommandTimeout='30']&#xD;
      SELECT "c"."AccountId", "c"."AccountCode", "c"."AccountName", "c"."AccountType", "c"."CreatedAt", "c"."IsActive", "c"."UpdatedAt"&#xD;
      FROM "ChartOfAccounts" AS "c"&#xD;
      WHERE "c"."AccountId" = @__accountId_0&#xD;
      LIMIT 1&#xD;
fail: API.Middleware.GlobalExceptionMiddleware[0]&#xD;
      Unhandled exception. CorrelationId=b8b18bd0e83d43f9acfda9de40983c65&#xD;
      System.InvalidOperationException: Account was not found.&#xD;
         at BAL.Services.FinancialReportService.GetAccountLedgerAsync(Int32 accountId, Int32 periodId, Guid actorUserId, String ipAddress) in C:\Users\Asus\Documents\GitHub\school\financial-accounting\BAL\Services\FinancialReportService.cs:line 105&#xD;
         at API.Controllers.ReportsController.GetAccountLedger(Int32 accountId, Int32 periodId) in C:\Users\Asus\Documents\GitHub\school\financial-accounting\API\Controllers\ReportsController.cs:line 68&#xD;
         at Microsoft.AspNetCore.Mvc.Infrastructure.ActionMethodExecutor.TaskOfIActionResultExecutor.Execute(ActionContext actionContext, IActionResultTypeMapper mapper, ObjectMethodExecutor executor, Object controller, Object[] arguments)&#xD;
         at Microsoft.AspNetCore.Mvc.Infrastructure.ControllerActionInvoker.&lt;InvokeActionMethodAsync&gt;g__Awaited|12_0(ControllerActionInvoker invoker, ValueTask`1 actionResultValueTask)&#xD;
         at Microsoft.AspNetCore.Mvc.Infrastructure.ControllerActionInvoker.&lt;InvokeNextActionFilterAsync&gt;g__Awaited|10_0(ControllerActionInvoker invoker, Task lastTask, State next, Scope scope, Object state, Boolean isCompleted)&#xD;
         at Microsoft.AspNetCore.Mvc.Infrastructure.ControllerActionInvoker.Rethrow(ActionExecutedContextSealed context)&#xD;
         at Microsoft.AspNetCore.Mvc.Infrastructure.ControllerActionInvoker.Next(State&amp; next, Scope&amp; scope, Object&amp; state, Boolean&amp; isCompleted)&#xD;
         at Microsoft.AspNetCore.Mvc.Infrastructure.ControllerActionInvoker.InvokeInnerFilterAsync()&#xD;
      --- End of stack trace from previous location ---&#xD;
         at Microsoft.AspNetCore.Mvc.Infrastructure.ResourceInvoker.&lt;InvokeFilterPipelineAsync&gt;g__Awaited|20_0(ResourceInvoker invoker, Task lastTask, State next, Scope scope, Object state, Boolean isCompleted)&#xD;
         at Microsoft.AspNetCore.Mvc.Infrastructure.ResourceInvoker.&lt;InvokeAsync&gt;g__Awaited|17_0(ResourceInvoker invoker, Task task, IDisposable scope)&#xD;
         at Microsoft.AspNetCore.Mvc.Infrastructure.ResourceInvoker.&lt;InvokeAsync&gt;g__Awaited|17_0(ResourceInvoker invoker, Task task, IDisposable scope)&#xD;
         at Microsoft.AspNetCore.Authorization.AuthorizationMiddleware.Invoke(HttpContext context)&#xD;
         at Microsoft.AspNetCore.Authentication.AuthenticationMiddleware.Invoke(HttpContext context)&#xD;
         at Swashbuckle.AspNetCore.SwaggerUI.SwaggerUIMiddleware.Invoke(HttpContext httpContext)&#xD;
         at Swashbuckle.AspNetCore.Swagger.SwaggerMiddleware.Invoke(HttpContext httpContext, ISwaggerProvider swaggerProvider)&#xD;
         at API.Middleware.SecurityHeadersMiddleware.InvokeAsync(HttpContext context) in C:\Users\Asus\Documents\GitHub\school\financial-accounting\API\Middleware\SecurityHeadersMiddleware.cs:line 43&#xD;
         at API.Middleware.GlobalExceptionMiddleware.InvokeAsync(HttpContext context) in C:\Users\Asus\Documents\GitHub\school\financial-accounting\API\Middleware\GlobalExceptionMiddleware.cs:line 20&#xD;
[xUnit.net 00:00:06.48]   Finished:    FinancialAccounting.IntegrationTests&#xD;
</StdOut>
    </Output>
    <CollectorDataEntries>
      <Collector agentName="KZ" uri="datacollector://microsoft/CoverletCodeCoverage/1.0" collectorDisplayName="XPlat code coverage">
        <UriAttachments>
          <UriAttachment>
            <A href="KZ\coverage.cobertura.xml"></A>
          </UriAttachment>
        </UriAttachments>
      </Collector>
    </CollectorDataEntries>
  </ResultSummary>
</TestRun>